e:\git_my_demo\graduation_project\qt_qq\qtqq\qtqq\x64\debug\moc_userlogin.obj
e:\git_my_demo\graduation_project\qt_qq\qtqq\qtqq\x64\debug\moc_basicwindow.obj
e:\git_my_demo\graduation_project\qt_qq\qtqq\qtqq\x64\debug\moc_notifymanager.obj
e:\git_my_demo\graduation_project\qt_qq\qtqq\qtqq\x64\debug\qrc_ccmainwindow.obj
e:\git_my_demo\graduation_project\qt_qq\qtqq\qtqq\x64\debug\moc_ccmainwindow.obj
e:\git_my_demo\graduation_project\qt_qq\qtqq\qtqq\x64\debug\moc_titlebar.obj
e:\git_my_demo\graduation_project\qt_qq\qtqq\qtqq\x64\debug\basicwindow.obj
e:\git_my_demo\graduation_project\qt_qq\qtqq\qtqq\x64\debug\userlogin.obj
e:\git_my_demo\graduation_project\qt_qq\qtqq\qtqq\x64\debug\mylogger.obj
e:\git_my_demo\graduation_project\qt_qq\qtqq\qtqq\x64\debug\commonutils.obj
e:\git_my_demo\graduation_project\qt_qq\qtqq\qtqq\x64\debug\notifymanager.obj
e:\git_my_demo\graduation_project\qt_qq\qtqq\qtqq\x64\debug\titlebar.obj
e:\git_my_demo\graduation_project\qt_qq\qtqq\qtqq\x64\debug\ccmainwindow.obj
e:\git_my_demo\graduation_project\qt_qq\qtqq\qtqq\x64\debug\main.obj
e:\git_my_demo\graduation_project\qt_qq\qtqq\qtqq\x64\debug\vc141.pdb
e:\git_my_demo\graduation_project\qt_qq\qtqq\x64\debug\qtqq.exe
e:\git_my_demo\graduation_project\qt_qq\qtqq\x64\debug\qtqq.ilk
e:\git_my_demo\graduation_project\qt_qq\qtqq\x64\debug\qtqq.pdb
e:\git_my_demo\graduation_project\qt_qq\qtqq\qtqq\x64\debug\moc\moc_ccmainwindow.cpp
e:\git_my_demo\graduation_project\qt_qq\qtqq\qtqq\x64\debug\moc\moc_titlebar.cpp
e:\git_my_demo\graduation_project\qt_qq\qtqq\qtqq\x64\debug\moc\moc_basicwindow.cpp
e:\git_my_demo\graduation_project\qt_qq\qtqq\qtqq\x64\debug\moc\moc_userlogin.cpp
e:\git_my_demo\graduation_project\qt_qq\qtqq\qtqq\x64\debug\moc\moc_notifymanager.cpp
e:\git_my_demo\graduation_project\qt_qq\qtqq\qtqq\x64\debug\uic\ui_ccmainwindow.h
e:\git_my_demo\graduation_project\qt_qq\qtqq\qtqq\x64\debug\uic\ui_userlogin.h
e:\git_my_demo\graduation_project\qt_qq\qtqq\qtqq\x64\debug\rcc\qrc_ccmainwindow.cpp
e:\git_my_demo\graduation_project\qt_qq\qtqq\qtqq\x64\debug\qtqq.tlog\cl.command.1.tlog
e:\git_my_demo\graduation_project\qt_qq\qtqq\qtqq\x64\debug\qtqq.tlog\cl.read.1.tlog
e:\git_my_demo\graduation_project\qt_qq\qtqq\qtqq\x64\debug\qtqq.tlog\cl.write.1.tlog
e:\git_my_demo\graduation_project\qt_qq\qtqq\qtqq\x64\debug\qtqq.tlog\link.command.1.tlog
e:\git_my_demo\graduation_project\qt_qq\qtqq\qtqq\x64\debug\qtqq.tlog\link.read.1.tlog
e:\git_my_demo\graduation_project\qt_qq\qtqq\qtqq\x64\debug\qtqq.tlog\link.write.1.tlog
e:\git_my_demo\graduation_project\qt_qq\qtqq\qtqq\x64\debug\qtqq.tlog\moc.read.1u.tlog
e:\git_my_demo\graduation_project\qt_qq\qtqq\qtqq\x64\debug\qtqq.tlog\moc.write.1u.tlog
e:\git_my_demo\graduation_project\qt_qq\qtqq\qtqq\x64\debug\qtqq.tlog\qtqq.write.1u.tlog
e:\git_my_demo\graduation_project\qt_qq\qtqq\qtqq\x64\debug\qtqq.tlog\rcc.read.1u.tlog
e:\git_my_demo\graduation_project\qt_qq\qtqq\qtqq\x64\debug\qtqq.tlog\rcc.write.1u.tlog
e:\git_my_demo\graduation_project\qt_qq\qtqq\qtqq\x64\debug\qtqq.tlog\uic.read.1u.tlog
e:\git_my_demo\graduation_project\qt_qq\qtqq\qtqq\x64\debug\qtqq.tlog\uic.write.1u.tlog
