  moc TalkWindowSheel.h
  BasicWindow.cpp
  CCMainWindow.cpp
  CommonUtils.cpp
  Contactltem.cpp
  CustomMenu.cpp
  EmotionLabelItem.cpp
  EmotionWindow.cpp
  MsgWebView.cpp
  NotifyManager.cpp
  RootContatItem.cpp
  SkinWindow.cpp
  SysTray.cpp
  TalkWindow.cpp
  TalkWindowItem.cpp
  TalkWindowSheel.cpp
  TitleBar.cpp
  UserLogin.cpp
  WindowManager.cpp
  main.cpp
  moc_BasicWindow.cpp
  moc_CCMainWindow.cpp
  moc_SkinWindow.cpp
  moc_SysTray.cpp
  moc_TalkWindow.cpp
  moc_TalkWindowSheel.cpp
  moc_TitleBar.cpp
  moc_UserLogin.cpp
  moc_WindowManager.cpp
  QtQQ.vcxproj -> E:\git_my_demo\graduation_project\QT_QQ\QtQQ\x64\Debug\QtQQ.exe
