e:\git_my_demo\graduation_project\qt_qq\qtqq_server\qtqq_server\x64\debug\qtqq_server.obj
e:\git_my_demo\graduation_project\qt_qq\qtqq_server\qtqq_server\x64\debug\tcpserver.obj
e:\git_my_demo\graduation_project\qt_qq\qtqq_server\qtqq_server\x64\debug\tcpsocket.obj
e:\git_my_demo\graduation_project\qt_qq\qtqq_server\qtqq_server\x64\debug\main.obj
e:\git_my_demo\graduation_project\qt_qq\qtqq_server\qtqq_server\x64\debug\mylog.obj
e:\git_my_demo\graduation_project\qt_qq\qtqq_server\qtqq_server\x64\debug\vc141.pdb
e:\git_my_demo\graduation_project\qt_qq\qtqq_server\qtqq_server\x64\debug\moc_tcpsocket.obj
e:\git_my_demo\graduation_project\qt_qq\qtqq_server\qtqq_server\x64\debug\moc_qtqq_server.obj
e:\git_my_demo\graduation_project\qt_qq\qtqq_server\qtqq_server\x64\debug\qrc_qtqq_server.obj
e:\git_my_demo\graduation_project\qt_qq\qtqq_server\qtqq_server\x64\debug\moc_tcpserver.obj
e:\git_my_demo\graduation_project\qt_qq\qtqq_server\x64\debug\qtqq_server.exe
e:\git_my_demo\graduation_project\qt_qq\qtqq_server\x64\debug\qtqq_server.ilk
e:\git_my_demo\graduation_project\qt_qq\qtqq_server\x64\debug\qtqq_server.pdb
e:\git_my_demo\graduation_project\qt_qq\qtqq_server\qtqq_server\x64\debug\moc\moc_qtqq_server.cpp
e:\git_my_demo\graduation_project\qt_qq\qtqq_server\qtqq_server\x64\debug\uic\ui_qtqq_server.h
e:\git_my_demo\graduation_project\qt_qq\qtqq_server\qtqq_server\x64\debug\rcc\qrc_qtqq_server.cpp
e:\git_my_demo\graduation_project\qt_qq\qtqq_server\qtqq_server\x64\debug\moc\moc_tcpsocket.cpp
e:\git_my_demo\graduation_project\qt_qq\qtqq_server\qtqq_server\x64\debug\moc\moc_tcpserver.cpp
e:\git_my_demo\graduation_project\qt_qq\qtqq_server\qtqq_server\x64\debug\qtqq_server.tlog\cl.command.1.tlog
e:\git_my_demo\graduation_project\qt_qq\qtqq_server\qtqq_server\x64\debug\qtqq_server.tlog\cl.read.1.tlog
e:\git_my_demo\graduation_project\qt_qq\qtqq_server\qtqq_server\x64\debug\qtqq_server.tlog\cl.write.1.tlog
e:\git_my_demo\graduation_project\qt_qq\qtqq_server\qtqq_server\x64\debug\qtqq_server.tlog\link.11260.delete.1.tlog
e:\git_my_demo\graduation_project\qt_qq\qtqq_server\qtqq_server\x64\debug\qtqq_server.tlog\link.15912.delete.1.tlog
e:\git_my_demo\graduation_project\qt_qq\qtqq_server\qtqq_server\x64\debug\qtqq_server.tlog\link.23824.delete.1.tlog
e:\git_my_demo\graduation_project\qt_qq\qtqq_server\qtqq_server\x64\debug\qtqq_server.tlog\link.24644.delete.1.tlog
e:\git_my_demo\graduation_project\qt_qq\qtqq_server\qtqq_server\x64\debug\qtqq_server.tlog\link.488.delete.1.tlog
e:\git_my_demo\graduation_project\qt_qq\qtqq_server\qtqq_server\x64\debug\qtqq_server.tlog\link.command.1.tlog
e:\git_my_demo\graduation_project\qt_qq\qtqq_server\qtqq_server\x64\debug\qtqq_server.tlog\link.delete.1.tlog
e:\git_my_demo\graduation_project\qt_qq\qtqq_server\qtqq_server\x64\debug\qtqq_server.tlog\link.read.1.tlog
e:\git_my_demo\graduation_project\qt_qq\qtqq_server\qtqq_server\x64\debug\qtqq_server.tlog\link.write.1.tlog
e:\git_my_demo\graduation_project\qt_qq\qtqq_server\qtqq_server\x64\debug\qtqq_server.tlog\moc.read.1u.tlog
e:\git_my_demo\graduation_project\qt_qq\qtqq_server\qtqq_server\x64\debug\qtqq_server.tlog\moc.write.1u.tlog
e:\git_my_demo\graduation_project\qt_qq\qtqq_server\qtqq_server\x64\debug\qtqq_server.tlog\qtqq_server.write.1u.tlog
e:\git_my_demo\graduation_project\qt_qq\qtqq_server\qtqq_server\x64\debug\qtqq_server.tlog\rcc.read.1u.tlog
e:\git_my_demo\graduation_project\qt_qq\qtqq_server\qtqq_server\x64\debug\qtqq_server.tlog\rcc.write.1u.tlog
e:\git_my_demo\graduation_project\qt_qq\qtqq_server\qtqq_server\x64\debug\qtqq_server.tlog\uic.read.1u.tlog
e:\git_my_demo\graduation_project\qt_qq\qtqq_server\qtqq_server\x64\debug\qtqq_server.tlog\uic.write.1u.tlog
