2024-01-07 12:02:15.164 [3036][DEBUG] [main][35]: 

------------------------------------------------------------------------------------------------------
2024-01-07 12:02:15.164 [3036][DEBUG] 

------------------------------------------------------------------------------------------------------
2024-01-07 12:02:15.165 [3036][DEBUG] 读取tradeprintinfo.ini文件存储背景颜色为：rgb(40,0,221);
2024-01-07 12:02:15.235 [3036][DEBUG] TitleBar::loadStyleSheet 加载样式文件 :/Resources/QSS/Title.css 成功
2024-01-07 12:02:15.246 [3036][DEBUG] BasicWindow::loadStyleSheet 加载样式文件 :/Resources/QSS/UserLogin.css 成功
2024-01-07 12:02:15.246 [3036][DEBUG] UserLogin::initControl()
2024-01-07 12:07:47.614 [17328][DEBUG] [main][38]: 

------------------------------------------------------------------------------------------------------
2024-01-07 12:07:47.614 [17328][DEBUG] 

------------------------------------------------------------------------------------------------------
2024-01-07 12:07:47.615 [17328][DEBUG] 读取tradeprintinfo.ini文件存储背景颜色为：rgb(40,0,221);
2024-01-07 12:07:47.676 [17328][DEBUG] TitleBar::loadStyleSheet 加载样式文件 :/Resources/QSS/Title.css 成功
2024-01-07 12:07:47.682 [17328][DEBUG] BasicWindow::loadStyleSheet 加载样式文件 :/Resources/QSS/UserLogin.css 成功
2024-01-07 12:07:47.682 [17328][DEBUG] UserLogin::initControl()
2024-01-07 12:08:59.544 [1644][DEBUG] [main][38]: 

------------------------------------------------------------------------------------------------------
2024-01-07 12:08:59.545 [1644][DEBUG] 

------------------------------------------------------------------------------------------------------
2024-01-07 12:08:59.545 [1644][DEBUG] 读取tradeprintinfo.ini文件存储背景颜色为：rgb(40,0,221);
2024-01-07 12:08:59.622 [1644][DEBUG] TitleBar::loadStyleSheet 加载样式文件 :/Resources/QSS/Title.css 成功
2024-01-07 12:08:59.629 [1644][DEBUG] BasicWindow::loadStyleSheet 加载样式文件 :/Resources/QSS/UserLogin.css 成功
2024-01-07 12:08:59.629 [1644][DEBUG] UserLogin::initControl()
2024-01-07 12:09:39.386 [16372][DEBUG] [main][38]: 

------------------------------------------------------------------------------------------------------
2024-01-07 12:09:39.386 [16372][DEBUG] [main][39]: 中文测试
2024-01-07 12:09:39.386 [16372][DEBUG] 

------------------------------------------------------------------------------------------------------
2024-01-07 12:09:39.387 [16372][DEBUG] 读取tradeprintinfo.ini文件存储背景颜色为：rgb(40,0,221);
2024-01-07 12:09:39.502 [16372][DEBUG] TitleBar::loadStyleSheet 加载样式文件 :/Resources/QSS/Title.css 成功
2024-01-07 12:09:39.519 [16372][DEBUG] BasicWindow::loadStyleSheet 加载样式文件 :/Resources/QSS/UserLogin.css 成功
2024-01-07 12:09:39.520 [16372][DEBUG] UserLogin::initControl()
2024-01-07 12:11:19.123 [14748][DEBUG] [main][38]: 

------------------------------------------------------------------------------------------------------
2024-01-07 12:11:19.124 [14748][DEBUG] [main][39]: 中文测试
2024-01-07 12:11:19.124 [14748][DEBUG] 

------------------------------------------------------------------------------------------------------
2024-01-07 12:11:19.124 [14748][DEBUG] 读取tradeprintinfo.ini文件存储背景颜色为：rgb(40,0,221);
2024-01-07 12:11:19.200 [14748][DEBUG] TitleBar::loadStyleSheet 加载样式文件 :/Resources/QSS/Title.css 成功
2024-01-07 12:11:19.210 [14748][DEBUG] BasicWindow::loadStyleSheet 加载样式文件 :/Resources/QSS/UserLogin.css 成功
2024-01-07 12:11:19.210 [14748][DEBUG] UserLogin::initControl()
2024-01-07 12:13:29.209 [3808][DEBUG] [main][38]: 

------------------------------------------------------------------------------------------------------
2024-01-07 12:13:29.210 [3808][DEBUG] 

------------------------------------------------------------------------------------------------------
2024-01-07 12:13:29.210 [3808][DEBUG] 读取tradeprintinfo.ini文件存储背景颜色为：rgb(40,0,221);
2024-01-07 12:13:29.264 [3808][DEBUG] TitleBar::loadStyleSheet 加载样式文件 :/Resources/QSS/Title.css 成功
2024-01-07 12:13:29.271 [3808][DEBUG] BasicWindow::loadStyleSheet 加载样式文件 :/Resources/QSS/UserLogin.css 成功
2024-01-07 12:13:29.271 [3808][DEBUG] UserLogin::initControl()
2024-01-07 12:13:31.070 [3808][DEBUG] 登录按钮被按下！
2024-01-07 12:13:31.075 [3808][DEBUG] 读取tradeprintinfo.ini文件存储背景颜色为：rgb(40,0,221);
2024-01-07 12:13:31.082 [3808][DEBUG] [CCMainWindow::CCMainWindow][23]: 主窗体初始化
2024-01-07 12:13:31.097 [3808][DEBUG] BasicWindow::loadStyleSheet 加载样式文件 :/Resources/QSS/CCMainWindow.css 成功
2024-01-07 12:13:31.103 [3808][DEBUG] 设置等级为：17
2024-01-07 12:13:31.103 [3808][DEBUG] 设置头像路径：:/Resources/MainWindow/girl.png
2024-01-07 12:13:31.123 [3808][DEBUG] 设置状态路径：:/Resources/MainWindow/StatusSucceeded.png
2024-01-07 12:13:31.124 [3808][DEBUG] CCMainWindow::addOtherAppExtension(:Resources/MainWindow/app/app_7.png, app_7)
2024-01-07 12:13:31.125 [3808][DEBUG] CCMainWindow::addOtherAppExtension(:Resources/MainWindow/app/app_2.png, app_2)
2024-01-07 12:13:31.125 [3808][DEBUG] CCMainWindow::addOtherAppExtension(:Resources/MainWindow/app/app_3.png, app_3)
2024-01-07 12:13:31.126 [3808][DEBUG] CCMainWindow::addOtherAppExtension(:Resources/MainWindow/app/app_4.png, app_4)
2024-01-07 12:13:31.126 [3808][DEBUG] CCMainWindow::addOtherAppExtension(:Resources/MainWindow/app/app_5.png, app_5)
2024-01-07 12:13:31.127 [3808][DEBUG] CCMainWindow::addOtherAppExtension(:Resources/MainWindow/app/app_6.png, app_6)
2024-01-07 12:13:31.127 [3808][DEBUG] CCMainWindow::addOtherAppExtension(:Resources/MainWindow/app/skin.png, app_skin)
2024-01-07 12:13:31.128 [3808][DEBUG] CCMainWindow::addOtherAppExtension(:Resources/MainWindow/app/app_10.png, app_10)
2024-01-07 12:13:31.128 [3808][DEBUG] CCMainWindow::addOtherAppExtension(:Resources/MainWindow/app/app_8.png, app_8)
2024-01-07 12:13:31.129 [3808][DEBUG] CCMainWindow::addOtherAppExtension(:Resources/MainWindow/app/app_11.png, app_11)
2024-01-07 12:13:31.129 [3808][DEBUG] CCMainWindow::addOtherAppExtension(:Resources/MainWindow/app/app_9.png, app_9)
