2024-04-09 21:38:29.472 [DEBUG][main][27]: 

------------------------------------------------------------------------------------------------------
2024-04-09 21:38:30.232 [DEBUG][QtQQ_Server::initComboBoxData][108]: SELECT * FROM tab_department;
2024-04-09 21:38:30.610 [DEBUG][TcpServer::run][20]: 服务器监听端口 10086 成功！
2024-04-09 21:38:35.917 [DEBUG][QtQQ_Server::getDepartment][265]: SELECT department_name FROM tab_department WHERE departmentID=						  (SELECT departmentID FROM tab_employees WHERE employeeID=10005);
2024-04-09 21:38:35.917 [DEBUG][QtQQ_Server::on_queryIDBtn_clicked][381]: 查询QQ号：10005  员工姓名：yaner 信息
2024-04-09 21:38:35.919 [DEBUG][QtQQ_Server::getDepartment][265]: SELECT department_name FROM tab_department WHERE departmentID=						  (SELECT departmentID FROM tab_employees WHERE employeeID=10005);
2024-04-09 21:43:59.890 [DEBUG][main][27]: 

------------------------------------------------------------------------------------------------------
2024-04-09 21:44:00.085 [DEBUG][QtQQ_Server::initComboBoxData][108]: SELECT * FROM tab_department;
2024-04-09 21:45:22.992 [DEBUG][main][27]: 

------------------------------------------------------------------------------------------------------
2024-04-09 21:45:23.174 [DEBUG][QtQQ_Server::initComboBoxData][108]: SELECT * FROM tab_department;
2024-04-09 21:47:16.760 [DEBUG][main][27]: 

------------------------------------------------------------------------------------------------------
2024-04-09 21:47:16.942 [DEBUG][QtQQ_Server::initComboBoxData][108]: SELECT * FROM tab_department;
2024-04-09 21:47:17.331 [DEBUG][TcpServer::run][20]: 服务器监听端口 10086 成功！
2024-04-09 21:47:22.398 [DEBUG][QtQQ_Server::getDepartment][272]: SELECT department_name FROM tab_department WHERE departmentID=						  (SELECT departmentID FROM tab_employees WHERE employeeID=10006);
2024-04-09 21:47:22.399 [DEBUG][QtQQ_Server::on_queryIDBtn_clicked][388]: 查询QQ号：10006  员工姓名：yansan 信息
2024-04-09 21:47:22.401 [DEBUG][QtQQ_Server::getDepartment][272]: SELECT department_name FROM tab_department WHERE departmentID=						  (SELECT departmentID FROM tab_employees WHERE employeeID=10006);
2024-04-09 21:48:00.437 [DEBUG][main][27]: 

------------------------------------------------------------------------------------------------------
2024-04-09 21:48:00.616 [DEBUG][QtQQ_Server::initComboBoxData][108]: SELECT * FROM tab_department;
2024-04-09 21:48:01.022 [DEBUG][TcpServer::run][20]: 服务器监听端口 10086 成功！
2024-04-09 21:48:05.301 [DEBUG][QtQQ_Server::getDepartment][273]: SELECT department_name FROM tab_department WHERE departmentID=						  (SELECT departmentID FROM tab_employees WHERE employeeID=10007);
2024-04-09 21:48:05.302 [DEBUG][QtQQ_Server::on_queryIDBtn_clicked][389]: 查询QQ号：10007  员工姓名：shiyi 信息
2024-04-09 21:48:05.303 [DEBUG][QtQQ_Server::getDepartment][273]: SELECT department_name FROM tab_department WHERE departmentID=						  (SELECT departmentID FROM tab_employees WHERE employeeID=10007);
2024-04-09 21:48:23.908 [DEBUG][main][27]: 

------------------------------------------------------------------------------------------------------
2024-04-09 21:48:24.098 [DEBUG][QtQQ_Server::initComboBoxData][108]: SELECT * FROM tab_department;
2024-04-09 21:49:04.061 [DEBUG][main][27]: 

------------------------------------------------------------------------------------------------------
2024-04-09 21:49:04.243 [DEBUG][QtQQ_Server::initComboBoxData][108]: SELECT * FROM tab_department;
2024-04-09 21:49:04.638 [DEBUG][TcpServer::run][20]: 服务器监听端口 10086 成功！
2024-04-09 21:49:08.811 [DEBUG][QtQQ_Server::getDepartment][273]: SELECT department_name FROM tab_department WHERE departmentID=						  (SELECT departmentID FROM tab_employees WHERE employeeID=10004);
2024-04-09 21:49:08.812 [DEBUG][QtQQ_Server::on_queryIDBtn_clicked][389]: 查询QQ号：10004  员工姓名：yanyi 信息
2024-04-09 21:49:08.813 [DEBUG][QtQQ_Server::getDepartment][273]: SELECT department_name FROM tab_department WHERE departmentID=						  (SELECT departmentID FROM tab_employees WHERE employeeID=10004);
2024-04-09 21:49:58.570 [DEBUG][main][27]: 

------------------------------------------------------------------------------------------------------
2024-04-09 21:49:58.772 [DEBUG][QtQQ_Server::initComboBoxData][108]: SELECT * FROM tab_department;
2024-04-09 21:49:59.151 [DEBUG][TcpServer::run][20]: 服务器监听端口 10086 成功！
2024-04-09 21:50:02.700 [DEBUG][QtQQ_Server::getDepartment][273]: SELECT department_name FROM tab_department WHERE departmentID=						  (SELECT departmentID FROM tab_employees WHERE employeeID=10005);
2024-04-09 21:50:02.700 [DEBUG][QtQQ_Server::on_queryIDBtn_clicked][389]: 查询QQ号：10005  员工姓名：yaner 信息
2024-04-09 21:50:02.702 [DEBUG][QtQQ_Server::getDepartment][273]: SELECT department_name FROM tab_department WHERE departmentID=						  (SELECT departmentID FROM tab_employees WHERE employeeID=10005);
2024-04-09 21:54:15.734 [DEBUG][main][27]: 

------------------------------------------------------------------------------------------------------
2024-04-09 21:54:15.918 [DEBUG][QtQQ_Server::initComboBoxData][108]: SELECT * FROM tab_department;
2024-04-09 21:54:16.324 [DEBUG][TcpServer::run][20]: 服务器监听端口 10086 成功！
2024-04-09 21:54:21.305 [DEBUG][QtQQ_Server::getDepartment][273]: SELECT department_name FROM tab_department WHERE departmentID=						  (SELECT departmentID FROM tab_employees WHERE employeeID=10003);
2024-04-09 21:54:21.307 [DEBUG][QtQQ_Server::on_queryIDBtn_clicked][389]: 查询QQ号：10003  员工姓名：rensan 信息
2024-04-09 21:54:21.308 [DEBUG][QtQQ_Server::getDepartment][273]: SELECT department_name FROM tab_department WHERE departmentID=						  (SELECT departmentID FROM tab_employees WHERE employeeID=10003);
2024-04-09 21:54:34.372 [DEBUG][QtQQ_Server::on_alterBtn_clicked][627]: UPDATE tab_accounts SET account='', code='' WHERE employeeID=;
2024-04-09 21:54:34.372 [DEBUG][QtQQ_Server::on_alterBtn_clicked][628]: 更新失败
2024-04-09 21:55:07.085 [DEBUG][QtQQ_Server::on_alterBtn_clicked][627]: UPDATE tab_accounts SET account='', code='' WHERE employeeID=;
2024-04-09 21:55:07.086 [DEBUG][QtQQ_Server::on_alterBtn_clicked][628]: 更新失败
2024-04-09 21:56:21.113 [DEBUG][main][27]: 

------------------------------------------------------------------------------------------------------
2024-04-09 21:56:21.304 [DEBUG][QtQQ_Server::initComboBoxData][108]: SELECT * FROM tab_department;
2024-04-09 21:56:21.721 [DEBUG][TcpServer::run][20]: 服务器监听端口 10086 成功！
2024-04-09 21:56:26.322 [DEBUG][QtQQ_Server::getDepartment][273]: SELECT department_name FROM tab_department WHERE departmentID=						  (SELECT departmentID FROM tab_employees WHERE employeeID=10003);
2024-04-09 21:56:26.323 [DEBUG][QtQQ_Server::on_queryIDBtn_clicked][389]: 查询QQ号：10003  员工姓名：rensan 信息
2024-04-09 21:56:26.324 [DEBUG][QtQQ_Server::getDepartment][273]: SELECT department_name FROM tab_department WHERE departmentID=						  (SELECT departmentID FROM tab_employees WHERE employeeID=10003);
2024-04-09 21:57:33.296 [DEBUG][main][27]: 

------------------------------------------------------------------------------------------------------
2024-04-09 21:57:33.489 [DEBUG][QtQQ_Server::initComboBoxData][108]: SELECT * FROM tab_department;
2024-04-09 21:57:33.875 [DEBUG][TcpServer::run][20]: 服务器监听端口 10086 成功！
2024-04-09 21:57:52.310 [DEBUG][QtQQ_Server::getDepartment][273]: SELECT department_name FROM tab_department WHERE departmentID=						  (SELECT departmentID FROM tab_employees WHERE employeeID=10003);
2024-04-09 21:57:52.311 [DEBUG][QtQQ_Server::on_queryIDBtn_clicked][389]: 查询QQ号：10003  员工姓名：rensan 信息
2024-04-09 21:57:52.313 [DEBUG][QtQQ_Server::getDepartment][273]: SELECT department_name FROM tab_department WHERE departmentID=						  (SELECT departmentID FROM tab_employees WHERE employeeID=10003);
2024-04-09 21:57:59.497 [DEBUG][QtQQ_Server::on_alterBtn_clicked][628]: UPDATE tab_accounts SET account='', code='' WHERE employeeID=;
2024-04-09 21:57:59.497 [DEBUG][QtQQ_Server::on_alterBtn_clicked][629]: 更新失败
2024-04-09 21:59:01.467 [DEBUG][main][27]: 

------------------------------------------------------------------------------------------------------
2024-04-09 21:59:01.660 [DEBUG][QtQQ_Server::initComboBoxData][108]: SELECT * FROM tab_department;
2024-04-09 21:59:02.091 [DEBUG][TcpServer::run][20]: 服务器监听端口 10086 成功！
2024-04-09 21:59:06.931 [DEBUG][QtQQ_Server::getDepartment][273]: SELECT department_name FROM tab_department WHERE departmentID=						  (SELECT departmentID FROM tab_employees WHERE employeeID=10003);
2024-04-09 21:59:06.932 [DEBUG][QtQQ_Server::on_queryIDBtn_clicked][389]: 查询QQ号：10003  员工姓名：rensan 信息
2024-04-09 21:59:06.934 [DEBUG][QtQQ_Server::getDepartment][273]: SELECT department_name FROM tab_department WHERE departmentID=						  (SELECT departmentID FROM tab_employees WHERE employeeID=10003);
2024-04-09 21:59:19.930 [DEBUG][QtQQ_Server::on_alterBtn_clicked][628]: UPDATE tab_accounts SET account='rensan1', code='rensan1' WHERE employeeID=rensan1;
2024-04-09 21:59:19.930 [DEBUG][QtQQ_Server::on_alterBtn_clicked][629]: 更新失败
2024-04-09 21:59:29.855 [DEBUG][QtQQ_Server::on_queryDepartmentBtn_clicked][351]: 查询 研发部 下的所有员工信息，编号：2002
2024-04-09 22:06:35.010 [DEBUG][main][27]: 

------------------------------------------------------------------------------------------------------
2024-04-09 22:06:35.286 [DEBUG][QtQQ_Server::initComboBoxData][108]: SELECT * FROM tab_department;
2024-04-09 22:06:35.943 [DEBUG][TcpServer::run][20]: 服务器监听端口 10086 成功！
2024-04-09 22:06:41.868 [DEBUG][QtQQ_Server::getDepartment][273]: SELECT department_name FROM tab_department WHERE departmentID=						  (SELECT departmentID FROM tab_employees WHERE employeeID=10003);
2024-04-09 22:06:41.869 [DEBUG][QtQQ_Server::on_queryIDBtn_clicked][389]: 查询QQ号：10003  员工姓名：rensan1 信息
2024-04-09 22:06:41.871 [DEBUG][QtQQ_Server::getDepartment][273]: SELECT department_name FROM tab_department WHERE departmentID=						  (SELECT departmentID FROM tab_employees WHERE employeeID=10003);
2024-04-09 22:09:39.615 [DEBUG][main][27]: 

------------------------------------------------------------------------------------------------------
2024-04-09 22:09:39.807 [DEBUG][QtQQ_Server::initComboBoxData][108]: SELECT * FROM tab_department;
2024-04-09 22:09:40.232 [DEBUG][TcpServer::run][20]: 服务器监听端口 10086 成功！
2024-04-09 22:09:49.669 [DEBUG][QtQQ_Server::getDepartment][273]: SELECT department_name FROM tab_department WHERE departmentID=						  (SELECT departmentID FROM tab_employees WHERE employeeID=10003);
2024-04-09 22:09:49.670 [DEBUG][QtQQ_Server::on_queryIDBtn_clicked][389]: 查询QQ号：10003  员工姓名：rensan 信息
2024-04-09 22:09:49.671 [DEBUG][QtQQ_Server::getDepartment][273]: SELECT department_name FROM tab_department WHERE departmentID=						  (SELECT departmentID FROM tab_employees WHERE employeeID=10003);
2024-04-09 22:10:02.376 [DEBUG][QtQQ_Server::on_queryDepartmentBtn_clicked][351]: 查询 公司群 下的所有员工信息，编号：2000
2024-04-09 22:10:15.752 [DEBUG][QtQQ_Server::getDepartment][273]: SELECT department_name FROM tab_department WHERE departmentID=						  (SELECT departmentID FROM tab_employees WHERE employeeID=10003);
2024-04-09 22:10:15.753 [DEBUG][QtQQ_Server::on_queryIDBtn_clicked][389]: 查询QQ号：10003  员工姓名：rensan 信息
2024-04-09 22:10:15.754 [DEBUG][QtQQ_Server::getDepartment][273]: SELECT department_name FROM tab_department WHERE departmentID=						  (SELECT departmentID FROM tab_employees WHERE employeeID=10003);
2024-04-09 22:10:30.206 [DEBUG][main][27]: 

------------------------------------------------------------------------------------------------------
2024-04-09 22:10:30.411 [DEBUG][QtQQ_Server::initComboBoxData][108]: SELECT * FROM tab_department;
2024-04-09 22:10:30.852 [DEBUG][TcpServer::run][20]: 服务器监听端口 10086 成功！
2024-04-09 22:10:37.959 [DEBUG][QtQQ_Server::getDepartment][273]: SELECT department_name FROM tab_department WHERE departmentID=						  (SELECT departmentID FROM tab_employees WHERE employeeID=10003);
2024-04-09 22:10:37.960 [DEBUG][QtQQ_Server::on_queryIDBtn_clicked][389]: 查询QQ号：10003  员工姓名：rensan 信息
2024-04-09 22:10:37.962 [DEBUG][QtQQ_Server::getDepartment][273]: SELECT department_name FROM tab_department WHERE departmentID=						  (SELECT departmentID FROM tab_employees WHERE employeeID=10003);
2024-04-09 22:10:45.646 [DEBUG][QtQQ_Server::getDepartment][273]: SELECT department_name FROM tab_department WHERE departmentID=						  (SELECT departmentID FROM tab_employees WHERE employeeID=10003);
2024-04-09 22:10:45.647 [DEBUG][QtQQ_Server::on_queryIDBtn_clicked][389]: 查询QQ号：10003  员工姓名：rensan 信息
2024-04-09 22:10:45.648 [DEBUG][QtQQ_Server::getDepartment][273]: SELECT department_name FROM tab_department WHERE departmentID=						  (SELECT departmentID FROM tab_employees WHERE employeeID=10003);
2024-04-09 22:10:51.692 [DEBUG][QtQQ_Server::getDepartment][273]: SELECT department_name FROM tab_department WHERE departmentID=						  (SELECT departmentID FROM tab_employees WHERE employeeID=10003);
2024-04-09 22:10:51.692 [DEBUG][QtQQ_Server::on_queryIDBtn_clicked][389]: 查询QQ号：10003  员工姓名：rensan 信息
2024-04-09 22:10:51.694 [DEBUG][QtQQ_Server::getDepartment][273]: SELECT department_name FROM tab_department WHERE departmentID=						  (SELECT departmentID FROM tab_employees WHERE employeeID=10003);
2024-04-09 22:12:00.252 [DEBUG][QtQQ_Server::getDepartment][273]: SELECT department_name FROM tab_department WHERE departmentID=						  (SELECT departmentID FROM tab_employees WHERE employeeID=10003);
2024-04-09 22:12:00.253 [DEBUG][QtQQ_Server::on_queryIDBtn_clicked][389]: 查询QQ号：10003  员工姓名：rensan 信息
2024-04-09 22:12:00.255 [DEBUG][QtQQ_Server::getDepartment][273]: SELECT department_name FROM tab_department WHERE departmentID=						  (SELECT departmentID FROM tab_employees WHERE employeeID=10003);
2024-04-09 22:12:19.785 [DEBUG][QtQQ_Server::on_queryDepartmentBtn_clicked][351]: 查询 公司群 下的所有员工信息，编号：2000
2024-04-09 22:14:27.483 [DEBUG][main][27]: 

------------------------------------------------------------------------------------------------------
2024-04-09 22:14:27.671 [DEBUG][QtQQ_Server::initComboBoxData][108]: SELECT * FROM tab_department;
2024-04-09 22:14:28.083 [DEBUG][TcpServer::run][20]: 服务器监听端口 10086 成功！
2024-04-09 22:14:34.095 [DEBUG][QtQQ_Server::getDepartment][273]: SELECT department_name FROM tab_department WHERE departmentID=						  (SELECT departmentID FROM tab_employees WHERE employeeID=10006);
2024-04-09 22:14:34.096 [DEBUG][QtQQ_Server::on_queryIDBtn_clicked][392]: 查询QQ号：10006  员工姓名：yansan 信息
2024-04-09 22:14:34.098 [DEBUG][QtQQ_Server::getDepartment][273]: SELECT department_name FROM tab_department WHERE departmentID=						  (SELECT departmentID FROM tab_employees WHERE employeeID=10006);
2024-04-09 22:14:36.699 [DEBUG][QtQQ_Server::getDepartment][273]: SELECT department_name FROM tab_department WHERE departmentID=						  (SELECT departmentID FROM tab_employees WHERE employeeID=10006);
2024-04-09 22:14:36.699 [DEBUG][QtQQ_Server::on_queryIDBtn_clicked][392]: 查询QQ号：10006  员工姓名：yansan 信息
2024-04-09 22:14:36.701 [DEBUG][QtQQ_Server::getDepartment][273]: SELECT department_name FROM tab_department WHERE departmentID=						  (SELECT departmentID FROM tab_employees WHERE employeeID=10006);
2024-04-09 22:14:38.819 [DEBUG][QtQQ_Server::getDepartment][273]: SELECT department_name FROM tab_department WHERE departmentID=						  (SELECT departmentID FROM tab_employees WHERE employeeID=10006);
2024-04-09 22:14:38.819 [DEBUG][QtQQ_Server::on_queryIDBtn_clicked][392]: 查询QQ号：10006  员工姓名：yansan 信息
2024-04-09 22:14:38.822 [DEBUG][QtQQ_Server::getDepartment][273]: SELECT department_name FROM tab_department WHERE departmentID=						  (SELECT departmentID FROM tab_employees WHERE employeeID=10006);
2024-04-09 22:14:42.718 [DEBUG][QtQQ_Server::getDepartment][273]: SELECT department_name FROM tab_department WHERE departmentID=						  (SELECT departmentID FROM tab_employees WHERE employeeID=10006);
2024-04-09 22:14:42.719 [DEBUG][QtQQ_Server::on_queryIDBtn_clicked][392]: 查询QQ号：10006  员工姓名：yansan 信息
2024-04-09 22:14:42.720 [DEBUG][QtQQ_Server::getDepartment][273]: SELECT department_name FROM tab_department WHERE departmentID=						  (SELECT departmentID FROM tab_employees WHERE employeeID=10006);
2024-04-09 22:14:43.760 [DEBUG][QtQQ_Server::getDepartment][273]: SELECT department_name FROM tab_department WHERE departmentID=						  (SELECT departmentID FROM tab_employees WHERE employeeID=10006);
2024-04-09 22:14:43.760 [DEBUG][QtQQ_Server::on_queryIDBtn_clicked][392]: 查询QQ号：10006  员工姓名：yansan 信息
2024-04-09 22:14:43.761 [DEBUG][QtQQ_Server::getDepartment][273]: SELECT department_name FROM tab_department WHERE departmentID=						  (SELECT departmentID FROM tab_employees WHERE employeeID=10006);
2024-04-09 22:14:43.927 [DEBUG][QtQQ_Server::getDepartment][273]: SELECT department_name FROM tab_department WHERE departmentID=						  (SELECT departmentID FROM tab_employees WHERE employeeID=10006);
2024-04-09 22:14:43.928 [DEBUG][QtQQ_Server::on_queryIDBtn_clicked][392]: 查询QQ号：10006  员工姓名：yansan 信息
2024-04-09 22:14:43.930 [DEBUG][QtQQ_Server::getDepartment][273]: SELECT department_name FROM tab_department WHERE departmentID=						  (SELECT departmentID FROM tab_employees WHERE employeeID=10006);
2024-04-09 22:14:44.109 [DEBUG][QtQQ_Server::getDepartment][273]: SELECT department_name FROM tab_department WHERE departmentID=						  (SELECT departmentID FROM tab_employees WHERE employeeID=10006);
2024-04-09 22:14:44.110 [DEBUG][QtQQ_Server::on_queryIDBtn_clicked][392]: 查询QQ号：10006  员工姓名：yansan 信息
2024-04-09 22:14:44.111 [DEBUG][QtQQ_Server::getDepartment][273]: SELECT department_name FROM tab_department WHERE departmentID=						  (SELECT departmentID FROM tab_employees WHERE employeeID=10006);
2024-04-09 22:14:44.288 [DEBUG][QtQQ_Server::getDepartment][273]: SELECT department_name FROM tab_department WHERE departmentID=						  (SELECT departmentID FROM tab_employees WHERE employeeID=10006);
2024-04-09 22:14:44.289 [DEBUG][QtQQ_Server::on_queryIDBtn_clicked][392]: 查询QQ号：10006  员工姓名：yansan 信息
2024-04-09 22:14:44.292 [DEBUG][QtQQ_Server::getDepartment][273]: SELECT department_name FROM tab_department WHERE departmentID=						  (SELECT departmentID FROM tab_employees WHERE employeeID=10006);
2024-04-09 22:14:44.480 [DEBUG][QtQQ_Server::getDepartment][273]: SELECT department_name FROM tab_department WHERE departmentID=						  (SELECT departmentID FROM tab_employees WHERE employeeID=10006);
2024-04-09 22:14:44.481 [DEBUG][QtQQ_Server::on_queryIDBtn_clicked][392]: 查询QQ号：10006  员工姓名：yansan 信息
2024-04-09 22:14:44.483 [DEBUG][QtQQ_Server::getDepartment][273]: SELECT department_name FROM tab_department WHERE departmentID=						  (SELECT departmentID FROM tab_employees WHERE employeeID=10006);
2024-04-09 22:14:45.784 [DEBUG][QtQQ_Server::getDepartment][273]: SELECT department_name FROM tab_department WHERE departmentID=						  (SELECT departmentID FROM tab_employees WHERE employeeID=10006);
2024-04-09 22:14:45.785 [DEBUG][QtQQ_Server::on_queryIDBtn_clicked][392]: 查询QQ号：10006  员工姓名：yansan 信息
2024-04-09 22:14:45.787 [DEBUG][QtQQ_Server::getDepartment][273]: SELECT department_name FROM tab_department WHERE departmentID=						  (SELECT departmentID FROM tab_employees WHERE employeeID=10006);
2024-04-09 22:14:45.946 [DEBUG][QtQQ_Server::getDepartment][273]: SELECT department_name FROM tab_department WHERE departmentID=						  (SELECT departmentID FROM tab_employees WHERE employeeID=10006);
2024-04-09 22:14:45.946 [DEBUG][QtQQ_Server::on_queryIDBtn_clicked][392]: 查询QQ号：10006  员工姓名：yansan 信息
2024-04-09 22:14:45.948 [DEBUG][QtQQ_Server::getDepartment][273]: SELECT department_name FROM tab_department WHERE departmentID=						  (SELECT departmentID FROM tab_employees WHERE employeeID=10006);
2024-04-09 22:14:46.116 [DEBUG][QtQQ_Server::getDepartment][273]: SELECT department_name FROM tab_department WHERE departmentID=						  (SELECT departmentID FROM tab_employees WHERE employeeID=10006);
2024-04-09 22:14:46.117 [DEBUG][QtQQ_Server::on_queryIDBtn_clicked][392]: 查询QQ号：10006  员工姓名：yansan 信息
2024-04-09 22:14:46.119 [DEBUG][QtQQ_Server::getDepartment][273]: SELECT department_name FROM tab_department WHERE departmentID=						  (SELECT departmentID FROM tab_employees WHERE employeeID=10006);
2024-04-09 22:15:22.321 [DEBUG][main][27]: 

------------------------------------------------------------------------------------------------------
2024-04-09 22:15:22.569 [DEBUG][QtQQ_Server::initComboBoxData][108]: SELECT * FROM tab_department;
2024-04-09 22:15:22.926 [DEBUG][TcpServer::run][20]: 服务器监听端口 10086 成功！
2024-04-09 22:15:26.789 [DEBUG][QtQQ_Server::getDepartment][273]: SELECT department_name FROM tab_department WHERE departmentID=						  (SELECT departmentID FROM tab_employees WHERE employeeID=10006);
2024-04-09 22:15:26.789 [DEBUG][QtQQ_Server::on_queryIDBtn_clicked][390]: 查询QQ号：10006  员工姓名：yansan 信息
2024-04-09 22:15:26.791 [DEBUG][QtQQ_Server::getDepartment][273]: SELECT department_name FROM tab_department WHERE departmentID=						  (SELECT departmentID FROM tab_employees WHERE employeeID=10006);
2024-04-09 22:16:15.174 [DEBUG][QtQQ_Server::getDepartment][273]: SELECT department_name FROM tab_department WHERE departmentID=						  (SELECT departmentID FROM tab_employees WHERE employeeID=10006);
2024-04-09 22:16:15.175 [DEBUG][QtQQ_Server::on_queryIDBtn_clicked][390]: 查询QQ号：10006  员工姓名：yansan 信息
2024-04-09 22:16:15.176 [DEBUG][QtQQ_Server::getDepartment][273]: SELECT department_name FROM tab_department WHERE departmentID=						  (SELECT departmentID FROM tab_employees WHERE employeeID=10006);
2024-04-09 22:16:16.170 [DEBUG][QtQQ_Server::on_queryDepartmentBtn_clicked][351]: 查询 研发部 下的所有员工信息，编号：2002
2024-04-09 22:16:21.228 [DEBUG][QtQQ_Server::getDepartment][273]: SELECT department_name FROM tab_department WHERE departmentID=						  (SELECT departmentID FROM tab_employees WHERE employeeID=10004);
2024-04-09 22:16:21.229 [DEBUG][QtQQ_Server::on_queryIDBtn_clicked][390]: 查询QQ号：10004  员工姓名：yanyi 信息
2024-04-09 22:16:21.231 [DEBUG][QtQQ_Server::getDepartment][273]: SELECT department_name FROM tab_department WHERE departmentID=						  (SELECT departmentID FROM tab_employees WHERE employeeID=10004);
2024-04-09 22:18:14.116 [DEBUG][main][27]: 

------------------------------------------------------------------------------------------------------
2024-04-09 22:18:14.894 [DEBUG][QtQQ_Server::initComboBoxData][108]: SELECT * FROM tab_department;
2024-04-09 22:18:15.267 [DEBUG][TcpServer::run][20]: 服务器监听端口 10086 成功！
2024-04-09 22:31:29.232 [DEBUG][main][27]: 

------------------------------------------------------------------------------------------------------
2024-04-09 22:31:29.447 [DEBUG][QtQQ_Server::initComboBoxData][108]: SELECT * FROM tab_department;
2024-04-09 22:31:29.872 [DEBUG][TcpServer::run][20]: 服务器监听端口 10086 成功！
2024-04-09 22:32:34.102 [DEBUG][TcpServer::incomingConnection][34]: 新的连接：1336
2024-04-09 22:32:38.999 [DEBUG][TcpServer::SocketDisconnecgted][87]: tcpSocket描述符：1336  IP： 127.0.0.1  断开连接!
2024-04-09 22:34:47.066 [DEBUG][TcpServer::incomingConnection][34]: 新的连接：728
2024-04-09 22:35:04.462 [DEBUG][TcpServer::SocketDisconnecgted][87]: tcpSocket描述符：728  IP： 127.0.0.1  断开连接!
2024-04-09 22:46:51.813 [DEBUG][TcpServer::incomingConnection][34]: 新的连接：1008
2024-04-09 22:46:59.164 [DEBUG][TcpServer::SocketDisconnecgted][87]: tcpSocket描述符：1008  IP： 127.0.0.1  断开连接!
2024-04-09 22:49:35.141 [DEBUG][TcpServer::incomingConnection][34]: 新的连接：1008
2024-04-09 22:49:39.774 [DEBUG][TcpServer::SocketDisconnecgted][87]: tcpSocket描述符：1008  IP： 127.0.0.1  断开连接!
2024-04-09 22:49:57.112 [DEBUG][TcpServer::incomingConnection][34]: 新的连接：1372
2024-04-09 22:50:02.827 [DEBUG][TcpServer::SocketDisconnecgted][87]: tcpSocket描述符：1372  IP： 127.0.0.1  断开连接!
2024-04-09 22:50:17.697 [DEBUG][TcpServer::incomingConnection][34]: 新的连接：1376
2024-04-09 22:50:31.128 [DEBUG][TcpServer::SocketDisconnecgted][87]: tcpSocket描述符：1376  IP： 127.0.0.1  断开连接!
2024-04-09 22:50:46.361 [DEBUG][TcpServer::incomingConnection][34]: 新的连接：956
2024-04-09 22:50:59.004 [DEBUG][TcpServer::SocketDisconnecgted][87]: tcpSocket描述符：956  IP： 127.0.0.1  断开连接!
2024-04-09 22:51:13.023 [DEBUG][TcpServer::incomingConnection][34]: 新的连接：1380
2024-04-09 22:51:28.407 [DEBUG][TcpServer::SocketDisconnecgted][87]: tcpSocket描述符：1380  IP： 127.0.0.1  断开连接!
2024-04-09 22:56:52.546 [DEBUG][TcpServer::incomingConnection][34]: 新的连接：956
2024-04-09 22:57:01.979 [DEBUG][TcpServer::SocketDisconnecgted][87]: tcpSocket描述符：956  IP： 127.0.0.1  断开连接!
2024-04-09 23:04:00.494 [DEBUG][TcpServer::incomingConnection][34]: 新的连接：1396
2024-04-09 23:04:21.703 [DEBUG][TcpServer::SocketDisconnecgted][87]: tcpSocket描述符：1396  IP： 127.0.0.1  断开连接!
2024-04-09 23:04:50.306 [DEBUG][TcpServer::incomingConnection][34]: 新的连接：1124
2024-04-09 23:05:06.296 [DEBUG][TcpServer::SocketDisconnecgted][87]: tcpSocket描述符：1124  IP： 127.0.0.1  断开连接!
2024-04-09 23:13:24.761 [DEBUG][TcpServer::incomingConnection][34]: 新的连接：1124
2024-04-09 23:13:43.078 [DEBUG][TcpServer::SocketDisconnecgted][87]: tcpSocket描述符：1124  IP： 127.0.0.1  断开连接!
2024-04-09 23:18:37.633 [DEBUG][TcpServer::incomingConnection][34]: 新的连接：1384
2024-04-09 23:18:51.196 [DEBUG][TcpServer::SocketDisconnecgted][87]: tcpSocket描述符：1384  IP： 127.0.0.1  断开连接!
2024-04-09 23:22:32.425 [DEBUG][TcpServer::incomingConnection][34]: 新的连接：1380
2024-04-09 23:22:42.465 [DEBUG][TcpServer::SocketDisconnecgted][87]: tcpSocket描述符：1380  IP： 127.0.0.1  断开连接!
2024-04-09 23:25:49.205 [DEBUG][TcpServer::incomingConnection][34]: 新的连接：956
2024-04-09 23:25:56.352 [DEBUG][TcpServer::SocketDisconnecgted][87]: tcpSocket描述符：956  IP： 127.0.0.1  断开连接!
2024-04-09 23:26:12.780 [DEBUG][TcpServer::incomingConnection][34]: 新的连接：1008
2024-04-09 23:26:19.180 [DEBUG][TcpServer::SocketDisconnecgted][87]: tcpSocket描述符：1008  IP： 127.0.0.1  断开连接!
2024-04-09 23:30:03.125 [DEBUG][TcpServer::incomingConnection][34]: 新的连接：1384
2024-04-09 23:30:07.407 [DEBUG][TcpServer::SocketDisconnecgted][87]: tcpSocket描述符：1384  IP： 127.0.0.1  断开连接!
2024-04-09 23:30:38.348 [DEBUG][TcpServer::incomingConnection][34]: 新的连接：1384
2024-04-09 23:31:00.018 [DEBUG][TcpServer::SocketDataProcessiong][63]: 来自IP： 127.0.0.1  发来的数据：110004200001images046
2024-04-09 23:31:00.023 [DEBUG][QtQQ_Server::onUDPbroadMsg][652]: 数据：110004200001images046 开始广播
2024-04-09 23:31:03.633 [DEBUG][TcpServer::SocketDisconnecgted][87]: tcpSocket描述符：1384  IP： 127.0.0.1  断开连接!
2024-04-09 23:37:42.126 [DEBUG][TcpServer::incomingConnection][34]: 新的连接：1020
2024-04-09 23:38:00.913 [DEBUG][TcpServer::SocketDisconnecgted][87]: tcpSocket描述符：1020  IP： 127.0.0.1  断开连接!
2024-04-09 23:38:33.033 [DEBUG][TcpServer::incomingConnection][34]: 新的连接：1400
2024-04-09 23:38:51.612 [DEBUG][TcpServer::SocketDisconnecgted][87]: tcpSocket描述符：1400  IP： 127.0.0.1  断开连接!
