2024-03-09 00:02:08.736 [DEBUG][main][27]: 

------------------------------------------------------------------------------------------------------
2024-03-09 00:02:08.758 [DEBUG][TcpServer::run][14]: 服务的监听端口 10086 成功！
2024-03-09 00:02:19.795 [DEBUG][TcpServer::incomingConnection][28]: 新的连接：1264
2024-03-09 00:02:46.148 [DEBUG][TcpServer::SocketDisconnecgted][75]: tcpSocket描述符：1264  IP： 127.0.0.1  断开连接!
2024-03-09 00:03:23.036 [DEBUG][main][27]: 

------------------------------------------------------------------------------------------------------
2024-03-09 00:03:23.060 [DEBUG][TcpServer::run][14]: 服务的监听端口 10086 成功！
2024-03-09 00:03:33.885 [DEBUG][TcpServer::incomingConnection][28]: 新的连接：1272
2024-03-09 00:04:39.831 [DEBUG][TcpServer::incomingConnection][28]: 新的连接：796
2024-03-09 00:04:58.757 [DEBUG][TcpServer::incomingConnection][28]: 新的连接：1276
2024-03-09 00:05:03.272 [DEBUG][TcpServer::SocketDisconnecgted][74]: tcpSocket描述符：1276  IP： 127.0.0.1  断开连接!
2024-03-09 00:05:06.446 [DEBUG][TcpServer::SocketDisconnecgted][74]: tcpSocket描述符：796  IP： 127.0.0.1  断开连接!
2024-03-09 00:05:13.256 [DEBUG][TcpServer::SocketDisconnecgted][74]: tcpSocket描述符：1272  IP： 127.0.0.1  断开连接!
2024-03-09 00:06:19.433 [DEBUG][TcpServer::incomingConnection][28]: 新的连接：964
2024-03-09 00:06:23.328 [DEBUG][TcpSocket::onReceiveData][24]: 收到描述符 964 的数据：110004200001images044
2024-03-09 00:06:27.933 [DEBUG][TcpSocket::onReceiveData][24]: 收到描述符 964 的数据：1100042000100001hhh哈哈哈哈
2024-03-09 00:10:14.260 [DEBUG][main][27]: 

------------------------------------------------------------------------------------------------------
2024-03-09 00:10:14.285 [DEBUG][TcpServer::run][14]: 服务的监听端口 10086 成功！
2024-03-09 00:10:41.203 [DEBUG][TcpServer::incomingConnection][28]: 新的连接：1296
2024-03-09 00:10:44.603 [DEBUG][TcpSocket::onReceiveData][24]: 收到描述符 1296 的数据：110005200001images062
2024-03-09 00:10:44.603 [DEBUG][TcpServer::SocketDataProcessiong][56]: 来自IP： 127.0.0.1  发来的数据：110005200001images062
2024-03-09 00:10:52.734 [DEBUG][TcpSocket::onReceiveData][24]: 收到描述符 1296 的数据：110005200001images001
2024-03-09 00:10:52.734 [DEBUG][TcpServer::SocketDataProcessiong][56]: 来自IP： 127.0.0.1  发来的数据：110005200001images001
2024-03-09 00:10:59.509 [DEBUG][TcpSocket::onReceiveData][24]: 收到描述符 1296 的数据：110005200001images084
2024-03-09 00:10:59.510 [DEBUG][TcpServer::SocketDataProcessiong][56]: 来自IP： 127.0.0.1  发来的数据：110005200001images084
2024-03-09 00:11:07.307 [DEBUG][TcpSocket::onReceiveData][24]: 收到描述符 1296 的数据：1100052000100001我擦
2024-03-09 00:11:07.307 [DEBUG][TcpServer::SocketDataProcessiong][56]: 来自IP： 127.0.0.1  发来的数据：1100052000100001我擦
2024-03-09 00:16:43.731 [DEBUG][TcpServer::SocketDisconnecgted][76]: tcpSocket描述符：1296  IP： 127.0.0.1  断开连接!
2024-03-09 00:23:29.349 [DEBUG][main][27]: 

------------------------------------------------------------------------------------------------------
2024-03-09 00:23:29.372 [DEBUG][TcpServer::run][14]: 服务的监听端口 10086 成功！
2024-03-09 00:26:52.009 [DEBUG][main][27]: 

------------------------------------------------------------------------------------------------------
2024-03-09 00:26:52.038 [DEBUG][TcpServer::run][14]: 服务的监听端口 10086 成功！
2024-03-09 00:27:04.541 [DEBUG][TcpServer::incomingConnection][28]: 新的连接：1272
2024-03-09 00:27:11.959 [DEBUG][TcpSocket::onReceiveData][24]: 收到描述符 1272 的数据：1100042000100011你好呀，我很好，是的呢
2024-03-09 00:27:11.960 [DEBUG][TcpServer::SocketDataProcessiong][56]: 来自IP： 127.0.0.1  发来的数据：1100042000100011你好呀，我很好，是的呢
2024-03-09 00:27:43.927 [DEBUG][TcpSocket::onReceiveData][24]: 收到描述符 1272 的数据：110004200001images046
2024-03-09 00:27:43.927 [DEBUG][TcpServer::SocketDataProcessiong][56]: 来自IP： 127.0.0.1  发来的数据：110004200001images046
2024-03-09 00:28:33.942 [DEBUG][TcpSocket::onReceiveData][24]: 收到描述符 1272 的数据：110004200003images098099100
2024-03-09 00:28:33.942 [DEBUG][TcpServer::SocketDataProcessiong][56]: 来自IP： 127.0.0.1  发来的数据：110004200003images098099100
2024-03-09 09:41:58.960 [DEBUG][main][27]: 

------------------------------------------------------------------------------------------------------
2024-03-09 09:41:58.983 [DEBUG][TcpServer::run][14]: 服务的监听端口 10086 成功！
2024-03-09 09:42:13.816 [DEBUG][TcpServer::incomingConnection][28]: 新的连接：1272
2024-03-09 09:42:19.874 [DEBUG][TcpServer::SocketDataProcessiong][56]: 来自IP： 127.0.0.1  发来的数据：1100042000100020fsfsfsdfsf事故发生的规定翻跟斗
2024-03-09 09:42:19.874 [DEBUG][QtQQ_Server::onUDPbroadMsg][32]: 数据：1100042000100020fsfsfsdfsf事故发生的规定翻跟斗 开始广播
2024-03-09 09:42:52.997 [DEBUG][TcpServer::SocketDataProcessiong][56]: 来自IP： 127.0.0.1  发来的数据：1100042000100008啊打发撒旦公司法
2024-03-09 09:42:52.998 [DEBUG][QtQQ_Server::onUDPbroadMsg][32]: 数据：1100042000100008啊打发撒旦公司法 开始广播
2024-03-09 09:43:09.826 [DEBUG][TcpServer::SocketDataProcessiong][56]: 来自IP： 127.0.0.1  发来的数据：1100042000100014是个很懂事分公司分公司规范化
2024-03-09 09:43:09.826 [DEBUG][QtQQ_Server::onUDPbroadMsg][32]: 数据：1100042000100014是个很懂事分公司分公司规范化 开始广播
2024-03-09 09:45:20.498 [DEBUG][TcpServer::SocketDataProcessiong][56]: 来自IP： 127.0.0.1  发来的数据：1100042000100009第三方公司公司发给
2024-03-09 09:45:20.499 [DEBUG][QtQQ_Server::onUDPbroadMsg][32]: 数据：1100042000100009第三方公司公司发给 开始广播
2024-03-09 09:45:31.456 [DEBUG][TcpServer::SocketDataProcessiong][56]: 来自IP： 127.0.0.1  发来的数据：1100042000100018埃是法国对你好的NSA发送给对方韩国
2024-03-09 09:45:31.456 [DEBUG][QtQQ_Server::onUDPbroadMsg][32]: 数据：1100042000100018埃是法国对你好的NSA发送给对方韩国 开始广播
2024-03-09 09:45:56.180 [DEBUG][TcpServer::SocketDataProcessiong][56]: 来自IP： 127.0.0.1  发来的数据：1100042000100011色纷纷大幅VS腐败成本
2024-03-09 09:45:56.180 [DEBUG][QtQQ_Server::onUDPbroadMsg][32]: 数据：1100042000100011色纷纷大幅VS腐败成本 开始广播
2024-03-09 09:47:12.496 [DEBUG][TcpServer::SocketDisconnecgted][75]: tcpSocket描述符：1272  IP： 127.0.0.1  断开连接!
2024-03-09 09:54:38.282 [DEBUG][main][27]: 

------------------------------------------------------------------------------------------------------
2024-03-09 09:54:38.321 [DEBUG][TcpServer::run][14]: 服务的监听端口 10086 成功！
2024-03-09 09:56:13.714 [DEBUG][TcpServer::incomingConnection][28]: 新的连接：1304
2024-03-09 09:56:27.052 [DEBUG][TcpServer::SocketDataProcessiong][56]: 来自IP： 127.0.0.1  发来的数据：1100042000100017asfasg按时收费根深蒂固山豆根
2024-03-09 09:56:27.052 [DEBUG][QtQQ_Server::onUDPbroadMsg][32]: 数据：1100042000100017asfasg按时收费根深蒂固山豆根 开始广播
2024-03-09 09:56:38.705 [DEBUG][TcpServer::SocketDataProcessiong][56]: 来自IP： 127.0.0.1  发来的数据：1100042000100014阿萨的官方的方式给答复是否的
2024-03-09 09:56:38.705 [DEBUG][QtQQ_Server::onUDPbroadMsg][32]: 数据：1100042000100014阿萨的官方的方式给答复是否的 开始广播
2024-03-09 09:59:07.427 [DEBUG][TcpServer::SocketDisconnecgted][75]: tcpSocket描述符：1304  IP： 127.0.0.1  断开连接!
2024-03-09 09:59:17.825 [DEBUG][main][27]: 

------------------------------------------------------------------------------------------------------
2024-03-09 09:59:17.870 [DEBUG][TcpServer::run][14]: 服务的监听端口 10086 成功！
2024-03-09 10:00:00.814 [DEBUG][TcpServer::incomingConnection][28]: 新的连接：1320
2024-03-09 10:00:06.400 [DEBUG][TcpServer::SocketDataProcessiong][56]: 来自IP： 127.0.0.1  发来的数据：1100042000100019海量数据法律上的飞机螺丝钉咖啡碱老师的
2024-03-09 10:00:06.403 [DEBUG][QtQQ_Server::onUDPbroadMsg][32]: 数据：1100042000100019海量数据法律上的飞机螺丝钉咖啡碱老师的 开始广播
2024-03-09 10:01:02.952 [DEBUG][TcpServer::SocketDisconnecgted][75]: tcpSocket描述符：1320  IP： 127.0.0.1  断开连接!
2024-03-09 10:03:04.147 [DEBUG][main][27]: 

------------------------------------------------------------------------------------------------------
2024-03-09 10:03:04.180 [DEBUG][TcpServer::run][13]: 服务的监听端口 10086 成功！
2024-03-09 10:22:02.382 [DEBUG][main][27]: 

------------------------------------------------------------------------------------------------------
2024-03-09 10:22:02.430 [DEBUG][TcpServer::run][13]: 服务的监听端口 10086 成功！
2024-03-09 10:25:20.408 [DEBUG][main][27]: 

------------------------------------------------------------------------------------------------------
2024-03-09 10:25:20.454 [DEBUG][TcpServer::run][13]: 服务的监听端口 10086 成功！
2024-03-09 10:26:37.783 [DEBUG][main][27]: 

------------------------------------------------------------------------------------------------------
2024-03-09 10:26:56.833 [DEBUG][TcpServer::run][13]: 服务的监听端口 10086 成功！
2024-03-09 10:50:15.520 [DEBUG][main][27]: 

------------------------------------------------------------------------------------------------------
2024-03-09 10:50:15.685 [DEBUG][TcpServer::run][13]: 服务的监听端口 10086 成功！
2024-03-09 10:51:21.568 [DEBUG][main][27]: 

------------------------------------------------------------------------------------------------------
2024-03-09 10:51:21.699 [DEBUG][TcpServer::run][13]: 服务的监听端口 10086 成功！
2024-03-09 11:30:37.878 [DEBUG][main][27]: 

------------------------------------------------------------------------------------------------------
2024-03-09 11:30:38.072 [DEBUG][QtQQ_Server::updateTaleData][88]: 更新表格数据：depID = 0, employeeID = 0
2024-03-09 11:30:38.073 [DEBUG][QtQQ_Server::updateTaleData][104]: SELECT * FROM tab_employees;
2024-03-09 11:30:38.474 [DEBUG][TcpServer::run][13]: 服务的监听端口 10086 成功！
2024-03-09 11:42:42.644 [DEBUG][main][27]: 

------------------------------------------------------------------------------------------------------
2024-03-09 11:42:42.821 [DEBUG][QtQQ_Server::updateTaleData][93]: 更新表格数据：depID = 0, employeeID = 0
2024-03-09 11:42:42.822 [DEBUG][QtQQ_Server::updateTaleData][109]: SELECT * FROM tab_employees;
2024-03-09 11:42:43.203 [DEBUG][TcpServer::run][13]: 服务的监听端口 10086 成功！
2024-03-09 11:45:26.420 [DEBUG][main][27]: 

------------------------------------------------------------------------------------------------------
2024-03-09 11:45:26.600 [DEBUG][QtQQ_Server::updateTaleData][95]: 更新表格数据：depID = 0, employeeID = 0
2024-03-09 11:45:26.600 [DEBUG][QtQQ_Server::updateTaleData][111]: SELECT * FROM tab_employees;
2024-03-09 11:45:26.995 [DEBUG][TcpServer::run][13]: 服务的监听端口 10086 成功！
