2024-03-08 22:35:05.819 [DEBUG][main][27]: 

------------------------------------------------------------------------------------------------------
2024-03-08 22:35:05.837 [DEBUG][TcpServer::run][13]: 服务的监听端口 -842150451 成功！
2024-03-08 22:37:09.577 [DEBUG][main][27]: 

------------------------------------------------------------------------------------------------------
2024-03-08 22:37:09.600 [DEBUG][TcpServer::run][14]: 服务的监听端口 -842150451 成功！
2024-03-08 22:39:20.679 [DEBUG][main][27]: 

------------------------------------------------------------------------------------------------------
2024-03-08 22:39:20.705 [DEBUG][TcpServer::run][14]: 服务的监听端口 10086 成功！
2024-03-08 22:39:45.625 [DEBUG][main][27]: 

------------------------------------------------------------------------------------------------------
2024-03-08 22:39:45.660 [DEBUG][TcpServer::run][14]: 服务的监听端口 10086 成功！
2024-03-08 22:45:38.785 [DEBUG][main][27]: 

------------------------------------------------------------------------------------------------------
2024-03-08 22:45:38.808 [DEBUG][TcpServer::run][14]: 服务的监听端口 10086 成功！
2024-03-08 23:27:29.646 [DEBUG][main][27]: 

------------------------------------------------------------------------------------------------------
2024-03-08 23:27:29.673 [DEBUG][TcpServer::run][14]: 服务的监听端口 10086 成功！
2024-03-08 23:27:44.465 [DEBUG][TcpServer::incomingConnection][28]: 新的连接：1284
2024-03-08 23:30:12.615 [DEBUG][TcpServer::incomingConnection][28]: 新的连接：980
2024-03-08 23:30:54.629 [DEBUG][TcpServer::incomingConnection][28]: 新的连接：976
2024-03-08 23:55:46.353 [DEBUG][main][27]: 

------------------------------------------------------------------------------------------------------
2024-03-08 23:55:46.375 [DEBUG][TcpServer::run][14]: 服务的监听端口 10086 成功！
2024-03-08 23:55:56.610 [DEBUG][TcpServer::incomingConnection][28]: 新的连接：1276
