2024-02-25 12:18:24.008 [DEBUG][main][38]: 

------------------------------------------------------------------------------------------------------
2024-02-25 12:18:24.009 [DEBUG][CommonUtils::getDefaultSkinColor][84]: 读取tradeprintinfo.ini文件存储背景颜色为：rgb(79,169,172);
2024-02-25 12:18:24.058 [DEBUG][TitleBar::loadStyleSheet][219]: TitleBar::loadStyleSheet 加载样式文件 :/Resources/QSS/Title.css 成功
2024-02-25 12:18:24.064 [DEBUG][BasicWindow::loadStyleSheet][79]: BasicWindow::loadStyleSheet 加载样式文件 :/Resources/QSS/UserLogin.css 成功
2024-02-25 12:18:24.064 [DEBUG][UserLogin::initControl][24]: 登录窗口初始化
2024-02-25 12:18:25.409 [DEBUG][UserLogin::onLoginBtnClicked][38]: 登录按钮被按下！
2024-02-25 12:18:25.414 [DEBUG][CommonUtils::getDefaultSkinColor][84]: 读取tradeprintinfo.ini文件存储背景颜色为：rgb(79,169,172);
2024-02-25 12:18:25.420 [DEBUG][CCMainWindow::CCMainWindow][33]: 主窗体初始化
2024-02-25 12:18:25.438 [DEBUG][BasicWindow::loadStyleSheet][79]: BasicWindow::loadStyleSheet 加载样式文件 :/Resources/QSS/CCMainWindow.css 成功
2024-02-25 12:18:25.443 [DEBUG][CCMainWindow::setLevePixmap][151]: 设置等级为：17
2024-02-25 12:18:25.444 [DEBUG][CCMainWindow::setHeadPixmap][173]: 设置头像路径：:/Resources/MainWindow/girl.png
2024-02-25 12:18:25.464 [DEBUG][CCMainWindow::setStatusMenuIcon][183]: 设置状态路径：:/Resources/MainWindow/StatusSucceeded.png
2024-02-25 12:18:25.465 [DEBUG][CCMainWindow::addOtherAppExtension][196]: 生成按钮返回 (:Resources/MainWindow/app/app_7.png, app_7)
2024-02-25 12:18:25.465 [DEBUG][CCMainWindow::addOtherAppExtension][196]: 生成按钮返回 (:Resources/MainWindow/app/app_2.png, app_2)
2024-02-25 12:18:25.466 [DEBUG][CCMainWindow::addOtherAppExtension][196]: 生成按钮返回 (:Resources/MainWindow/app/app_3.png, app_3)
2024-02-25 12:18:25.466 [DEBUG][CCMainWindow::addOtherAppExtension][196]: 生成按钮返回 (:Resources/MainWindow/app/app_4.png, app_4)
2024-02-25 12:18:25.467 [DEBUG][CCMainWindow::addOtherAppExtension][196]: 生成按钮返回 (:Resources/MainWindow/app/app_5.png, app_5)
2024-02-25 12:18:25.467 [DEBUG][CCMainWindow::addOtherAppExtension][196]: 生成按钮返回 (:Resources/MainWindow/app/app_6.png, app_6)
2024-02-25 12:18:25.468 [DEBUG][CCMainWindow::addOtherAppExtension][196]: 生成按钮返回 (:Resources/MainWindow/app/skin.png, app_skin)
2024-02-25 12:18:25.468 [DEBUG][CCMainWindow::addOtherAppExtension][196]: 生成按钮返回 (:Resources/MainWindow/app/app_10.png, app_10)
2024-02-25 12:18:25.469 [DEBUG][CCMainWindow::addOtherAppExtension][196]: 生成按钮返回 (:Resources/MainWindow/app/app_8.png, app_8)
2024-02-25 12:18:25.469 [DEBUG][CCMainWindow::addOtherAppExtension][196]: 生成按钮返回 (:Resources/MainWindow/app/app_11.png, app_11)
2024-02-25 12:18:25.470 [DEBUG][CCMainWindow::addOtherAppExtension][196]: 生成按钮返回 (:Resources/MainWindow/app/app_9.png, app_9)
2024-02-25 12:18:25.470 [DEBUG][CCMainWindow::initContactTree][219]: 树初始化
2024-02-25 12:18:25.471 [DEBUG][CCMainWindow::addCompanyDeps][119]: 添加子节点：公司群
2024-02-25 12:18:25.491 [DEBUG][Contactltem::setUserName][15]: 设置用户名：公司群
2024-02-25 12:18:25.493 [DEBUG][CCMainWindow::addCompanyDeps][119]: 添加子节点：人事部
2024-02-25 12:18:25.495 [DEBUG][Contactltem::setUserName][15]: 设置用户名：人事部
2024-02-25 12:18:25.497 [DEBUG][CCMainWindow::addCompanyDeps][119]: 添加子节点：研发部
2024-02-25 12:18:25.499 [DEBUG][Contactltem::setUserName][15]: 设置用户名：研发部
2024-02-25 12:18:25.501 [DEBUG][CCMainWindow::addCompanyDeps][119]: 添加子节点：市场部
2024-02-25 12:18:25.502 [DEBUG][Contactltem::setUserName][15]: 设置用户名：市场部
2024-02-25 12:18:25.505 [DEBUG][SysTray::initSystemTray][24]: 初始化系统托盘图标：:Resources/MainWindow/app/logo.ico
2024-02-25 12:18:25.543 [DEBUG][CCMainWindow::setUserName][140]: 设置用户名为：Qt即时通讯软件
2024-02-25 12:18:26.445 [DEBUG][CCMainWindow::onItemClicked][289]: 树项被单击
2024-02-25 12:18:26.445 [DEBUG][CCMainWindow::onItemExpanded][296]: 树项被展开
2024-02-25 12:18:26.445 [DEBUG][RootContatItem::setExpanded][38]: 设置属性动画的结束值：90
2024-02-25 12:18:27.021 [DEBUG][CCMainWindow::onItemClicked][289]: 树项被单击
2024-02-25 12:18:27.070 [DEBUG][CCMainWindow::onItemDoubleClicked][322]: 树项被双击
2024-02-25 12:18:27.070 [DEBUG][WindowManager::addNewTalkWindow][45]: 添加新的窗口，uid = 1126494112, groupType = 1, strPeopel = 
2024-02-25 12:18:27.070 [DEBUG][CommonUtils::getDefaultSkinColor][84]: 读取tradeprintinfo.ini文件存储背景颜色为：rgb(79,169,172);
2024-02-25 12:18:27.073 [DEBUG][TalkWindowSheel::initControl][40]: Qt聊天窗口初始化
2024-02-25 12:18:27.081 [DEBUG][BasicWindow::loadStyleSheet][79]: BasicWindow::loadStyleSheet 加载样式文件 :/Resources/QSS/TalkWindow.css 成功
2024-02-25 12:18:27.081 [DEBUG][EmotionWindow::initControl][31]: 表情窗口初始化
2024-02-25 12:18:27.083 [DEBUG][CommonUtils::loadStyleSheet][44]: 加载样式文件 EmotionWindow.css 成功
2024-02-25 12:18:27.161 [DEBUG][WindowManager::findWindowName][18]: 根据名字：1126494112 寻找窗口
2024-02-25 12:18:27.161 [DEBUG][WindowManager::addNewTalkWindow][55]: 根据 1126494112 没有找到窗口，new一个新的窗口
2024-02-25 12:18:27.162 [DEBUG][TalkWindowItem::initControl][37]: Qt聊天列表窗口初始化
2024-02-25 12:18:27.162 [DEBUG][TalkWindowItem::setMsgLabelContent][26]: 设置名字：Qt人事群
2024-02-25 12:18:27.174 [DEBUG][CCMainWindow::onItemDoubleClicked][343]: 人事部
2024-02-25 12:18:27.245 [DEBUG][CCMainWindow::onItemClicked][289]: 树项被单击
