2024-03-18 22:19:38.903 [DEBUG][main][43]: 

------------------------------------------------------------------------------------------------------
2024-03-18 22:19:38.904 [DEBUG][CommonUtils::getDefaultSkinColor][84]: 读取tradeprintinfo.ini文件存储背景颜色为：rgb(40,138,221);
2024-03-18 22:19:39.323 [DEBUG][TitleBar::loadStyleSheet][219]: TitleBar::loadStyleSheet 加载样式文件 :/Resources/QSS/Title.css 成功
2024-03-18 22:19:39.329 [DEBUG][BasicWindow::loadStyleSheet][85]: BasicWindow::loadStyleSheet 加载样式文件 :/Resources/QSS/UserLogin.css 成功
2024-03-18 22:19:39.329 [DEBUG][UserLogin::initControl][27]: 登录窗口初始化
2024-03-18 22:19:39.607 [DEBUG][UserLogin::connectMySql][53]: 客户端连接数据库成功！
2024-03-18 22:19:49.555 [DEBUG][UserLogin::onLoginBtnClicked][115]: 登录按钮被按下！
2024-03-18 22:19:49.555 [DEBUG][UserLogin::verfyAccountCode][62]: 账号密码验证
2024-03-18 22:19:49.555 [DEBUG][UserLogin::verfyAccountCode][68]: sql语句：SELECT code FROM tab_accounts WHERE employeeId=renyi
2024-03-18 22:19:49.559 [DEBUG][UserLogin::verfyAccountCode][90]: sql语句：SELECT code, employeeID FROM tab_accounts WHERE account = 'renyi'
2024-03-18 22:19:49.569 [DEBUG][CommonUtils::getDefaultSkinColor][84]: 读取tradeprintinfo.ini文件存储背景颜色为：rgb(40,138,221);
2024-03-18 22:19:49.593 [DEBUG][CCMainWindow::CCMainWindow][37]: 主窗体初始化
2024-03-18 22:19:49.609 [DEBUG][BasicWindow::loadStyleSheet][85]: BasicWindow::loadStyleSheet 加载样式文件 :/Resources/QSS/CCMainWindow.css 成功
2024-03-18 22:19:49.610 [DEBUG][CCMainWindow::getHeadPixturePath][173]: sql语句：SELECT employeeID FROM tab_accounts WHERE account = '10001'
2024-03-18 22:19:49.610 [DEBUG][CCMainWindow::getHeadPixturePath][181]: sql语句：SELECT picture FROM tab_employees WHERE employeeID = 10001
2024-03-18 22:19:49.611 [DEBUG][CCMainWindow::setHeadPixmap][226]: 设置头像路径：E:\git_my_demo\graduation_project\QT_QQ\QtQQ\QtQQ\Resources\qtqq_images\r1.png
2024-03-18 22:19:49.626 [DEBUG][CCMainWindow::setLevePixmap][204]: 设置等级为：17
2024-03-18 22:19:49.627 [DEBUG][CCMainWindow::setStatusMenuIcon][236]: 设置状态路径：:/Resources/MainWindow/StatusSucceeded.png
2024-03-18 22:19:49.627 [DEBUG][CCMainWindow::addOtherAppExtension][249]: 生成按钮返回 (:Resources/MainWindow/app/app_7.png, app_7)
2024-03-18 22:19:49.627 [DEBUG][CCMainWindow::addOtherAppExtension][249]: 生成按钮返回 (:Resources/MainWindow/app/app_2.png, app_2)
2024-03-18 22:19:49.628 [DEBUG][CCMainWindow::addOtherAppExtension][249]: 生成按钮返回 (:Resources/MainWindow/app/app_3.png, app_3)
2024-03-18 22:19:49.628 [DEBUG][CCMainWindow::addOtherAppExtension][249]: 生成按钮返回 (:Resources/MainWindow/app/app_4.png, app_4)
2024-03-18 22:19:49.629 [DEBUG][CCMainWindow::addOtherAppExtension][249]: 生成按钮返回 (:Resources/MainWindow/app/app_5.png, app_5)
2024-03-18 22:19:49.630 [DEBUG][CCMainWindow::addOtherAppExtension][249]: 生成按钮返回 (:Resources/MainWindow/app/app_6.png, app_6)
2024-03-18 22:19:49.630 [DEBUG][CCMainWindow::addOtherAppExtension][249]: 生成按钮返回 (:Resources/MainWindow/app/skin.png, app_skin)
2024-03-18 22:19:49.632 [DEBUG][CCMainWindow::addOtherAppExtension][249]: 生成按钮返回 (:Resources/MainWindow/app/app_10.png, app_10)
2024-03-18 22:19:49.632 [DEBUG][CCMainWindow::addOtherAppExtension][249]: 生成按钮返回 (:Resources/MainWindow/app/app_8.png, app_8)
2024-03-18 22:19:49.633 [DEBUG][CCMainWindow::addOtherAppExtension][249]: 生成按钮返回 (:Resources/MainWindow/app/app_11.png, app_11)
2024-03-18 22:19:49.633 [DEBUG][CCMainWindow::addOtherAppExtension][249]: 生成按钮返回 (:Resources/MainWindow/app/app_9.png, app_9)
2024-03-18 22:19:49.634 [DEBUG][CCMainWindow::initContactTree][272]: 树初始化
2024-03-18 22:19:49.635 [DEBUG][CCMainWindow::initContactTree][291]: sql语句：SELECT departmentID FROM tab_department WHERE department_name = '公司群'
2024-03-18 22:19:49.636 [DEBUG][CCMainWindow::initContactTree][300]: sql语句：SELECT departmentID FROM tab_employees WHERE employeeID = 10001
2024-03-18 22:19:49.636 [DEBUG][CCMainWindow::addCompanyDeps][125]: 群id：2000
2024-03-18 22:19:49.636 [DEBUG][CCMainWindow::addCompanyDeps][140]: sql语句：SELECT picture FROM tab_department WHERE departmentID = 2000
2024-03-18 22:19:49.642 [DEBUG][CCMainWindow::addCompanyDeps][150]: sql语句：SELECT department_name FROM tab_department WHERE departmentID = 2000
2024-03-18 22:19:49.644 [DEBUG][Contactltem::setUserName][15]: 设置用户名：公司群
2024-03-18 22:19:49.646 [DEBUG][CCMainWindow::addCompanyDeps][125]: 群id：2001
2024-03-18 22:19:49.646 [DEBUG][CCMainWindow::addCompanyDeps][140]: sql语句：SELECT picture FROM tab_department WHERE departmentID = 2001
2024-03-18 22:19:49.656 [DEBUG][CCMainWindow::addCompanyDeps][150]: sql语句：SELECT department_name FROM tab_department WHERE departmentID = 2001
2024-03-18 22:19:49.657 [DEBUG][Contactltem::setUserName][15]: 设置用户名：人事部
2024-03-18 22:19:49.662 [DEBUG][SysTray::initSystemTray][24]: 初始化系统托盘图标：:Resources/MainWindow/app/logo.ico
2024-03-18 22:19:49.706 [DEBUG][CCMainWindow::setUserName][193]: 设置用户名为：Qt即时通讯软件
2024-03-18 22:19:51.592 [DEBUG][CCMainWindow::onItemClicked][371]: 树项被单击
2024-03-18 22:19:51.592 [DEBUG][CCMainWindow::onItemExpanded][378]: 树项被展开
2024-03-18 22:19:51.592 [DEBUG][RootContatItem::setExpanded][38]: 设置属性动画的结束值：90
2024-03-18 22:19:52.332 [DEBUG][CCMainWindow::onItemClicked][371]: 树项被单击
2024-03-18 22:19:52.363 [DEBUG][CCMainWindow::onItemDoubleClicked][404]: 树项被双击
2024-03-18 22:19:52.363 [DEBUG][WindowManager::addNewTalkWindow][46]: 添加新的窗口，uid = 2000
2024-03-18 22:19:52.364 [DEBUG][CommonUtils::getDefaultSkinColor][84]: 读取tradeprintinfo.ini文件存储背景颜色为：rgb(40,138,221);
2024-03-18 22:19:52.372 [DEBUG][TalkWindowSheel::initControl][106]: Qt聊天窗口初始化
2024-03-18 22:19:52.379 [DEBUG][BasicWindow::loadStyleSheet][85]: BasicWindow::loadStyleSheet 加载样式文件 :/Resources/QSS/TalkWindow.css 成功
2024-03-18 22:19:52.381 [DEBUG][EmotionWindow::initControl][31]: 表情窗口初始化
2024-03-18 22:19:52.383 [DEBUG][CommonUtils::loadStyleSheet][44]: 加载样式文件 EmotionWindow.css 成功
2024-03-18 22:19:52.468 [DEBUG][TalkWindowSheel::initTcpSocket][125]: 初始化TCP客户端
2024-03-18 22:19:52.481 [DEBUG][TalkWindowSheel::initUdpSocket][133]: 初始化UDP客户端
2024-03-18 22:19:52.486 [DEBUG][WindowManager::findWindowName][20]: 根据名字：2000 寻找窗口
2024-03-18 22:19:52.486 [DEBUG][WindowManager::addNewTalkWindow][56]: 根据 2000 没有找到窗口，new一个新的窗口
2024-03-18 22:19:53.056 [DEBUG][WindowManager::addWindowName][35]: 根据名字：2000 添加窗口
2024-03-18 22:19:53.056 [DEBUG][TalkWindow::initGroupTalkStatus][78]: sql语句：SELECT * FROM tab_department WHERE departmentID = 2000
2024-03-18 22:19:53.057 [DEBUG][TalkWindow::initControl][46]: 初始化
2024-03-18 22:19:53.057 [DEBUG][TalkWindow::initTalkWindow][114]: 群聊天窗口初始化
2024-03-18 22:19:53.057 [DEBUG][TalkWindow::initTalkWindow][128]: sql语句：SELECT department_name FROM tab_department WHERE departmentID = 2000
2024-03-18 22:19:53.058 [DEBUG][TalkWindow::getCompDepID][91]: sql语句：SELECT departmentID FROM tab_department WHERE department_name = '公司群'
2024-03-18 22:19:53.058 [DEBUG][TalkWindow::initTalkWindow][140]: sql语句：SELECT employeeID FROM tab_employees WHERE status = 1
2024-03-18 22:19:53.063 [DEBUG][Contactltem::setUserName][15]: 设置用户名：renyi
2024-03-18 22:19:53.063 [DEBUG][Contactltem::setSignName][20]: 设置个性签名：风一样的女子
2024-03-18 22:19:53.125 [DEBUG][Contactltem::setUserName][15]: 设置用户名：rener
2024-03-18 22:19:53.125 [DEBUG][Contactltem::setSignName][20]: 设置个性签名：奋斗中
2024-03-18 22:19:53.136 [DEBUG][Contactltem::setUserName][15]: 设置用户名：yanyi
2024-03-18 22:19:53.136 [DEBUG][Contactltem::setSignName][20]: 设置个性签名：调BUG中
2024-03-18 22:19:53.146 [DEBUG][Contactltem::setUserName][15]: 设置用户名：yaner
2024-03-18 22:19:53.146 [DEBUG][Contactltem::setSignName][20]: 设置个性签名：改BUG中
2024-03-18 22:19:53.155 [DEBUG][Contactltem::setUserName][15]: 设置用户名：yansan
2024-03-18 22:19:53.155 [DEBUG][Contactltem::setSignName][20]: 设置个性签名：写BUG中
2024-03-18 22:19:53.165 [DEBUG][Contactltem::setUserName][15]: 设置用户名：shiyi
2024-03-18 22:19:53.165 [DEBUG][Contactltem::setSignName][20]: 设置个性签名：梦游中
2024-03-18 22:19:53.177 [DEBUG][Contactltem::setUserName][15]: 设置用户名：shier
2024-03-18 22:19:53.178 [DEBUG][Contactltem::setSignName][20]: 设置个性签名：目标明确，坚定不够
2024-03-18 22:19:53.188 [DEBUG][Contactltem::setUserName][15]: 设置用户名：shisan
2024-03-18 22:19:53.189 [DEBUG][Contactltem::setSignName][20]: 设置个性签名：周末去爬山
2024-03-18 22:19:53.231 [DEBUG][Contactltem::setUserName][15]: 设置用户名：架构师
2024-03-18 22:19:53.232 [DEBUG][Contactltem::setSignName][20]: 设置个性签名：
2024-03-18 22:19:53.235 [DEBUG][TalkWindowItem::initControl][38]: Qt聊天列表窗口初始化
2024-03-18 22:19:53.236 [DEBUG][WindowManager::addNewTalkWindow][68]: sql语句：SELECT department_name, sign FROM tab_department WHERE departmentID = 2000
2024-03-18 22:19:53.236 [DEBUG][TalkWindowItem::setMsgLabelContent][27]: 设置名字：公司群
2024-03-18 22:19:53.236 [DEBUG][TalkWindowSheel::addTalkWindow][49]: uid：2000
2024-03-18 22:19:53.284 [DEBUG][TalkWindowSheel::addTalkWindow][63]: sql语句：SELECT picture FROM tab_department WHERE departmentID = 2000
2024-03-18 22:19:53.286 [DEBUG][TalkWindowItem::setHeadPixmap][17]: 设置头像
2024-03-18 22:19:53.316 [DEBUG][CCMainWindow::onItemDoubleClicked][411]: 
2024-03-18 22:19:53.432 [DEBUG][CCMainWindow::onItemClicked][371]: 树项被单击
2024-03-18 22:19:53.491 [DEBUG][MsgWebPage::acceptNavigationRequest][51]:   属于qrc类型，返回true
2024-03-18 22:19:57.054 [DEBUG][TalkWindowSheel::onEmotionBtnClicked][400]: 表情按钮被点击
2024-03-18 22:19:59.243 [DEBUG][MsgWebView::appendMsg][192]: 已完成封装的信息：{"MSG":"asdffasd"}
2024-03-18 22:19:59.243 [DEBUG][TalkWindowSheel::updateSendTcpMsg][330]: 数据通过网络发送，strData = asdffasd   msgType = 1   fileName = 
2024-03-18 22:19:59.243 [DEBUG][TalkWindowSheel::updateSendTcpMsg][389]: 发送出去的数据：1100012000100008asdffasd
2024-03-18 22:20:25.713 [DEBUG][BasicWindow::onShowClose][134]: 用户点击关闭按钮
2024-03-18 22:20:25.747 [DEBUG][WindowManager::deleteWindowName][30]: 根据名字：2000 移除窗口
2024-03-18 22:20:27.924 [DEBUG][SysTray::onIconActivated][50]: 系统托盘菜单显示
2024-03-18 22:20:27.928 [DEBUG][CommonUtils::loadStyleSheet][44]: 加载样式文件 Menu.css 成功
2024-03-18 22:20:28.740 [DEBUG][BasicWindow::onShowQuit][155]: 用户点击退出按钮
