2024-04-13 16:27:37.821 [DEBUG][main][43]: 

------------------------------------------------------------------------------------------------------
2024-04-13 16:27:37.828 [DEBUG][CommonUtils::getDefaultSkinColor][84]: 读取tradeprintinfo.ini文件存储背景颜色为：rgb(40,138,221);
2024-04-13 16:27:37.942 [DEBUG][TitleBar::loadStyleSheet][219]: TitleBar::loadStyleSheet 加载样式文件 :/Resources/QSS/Title.css 成功
2024-04-13 16:27:37.951 [DEBUG][BasicWindow::loadStyleSheet][85]: BasicWindow::loadStyleSheet 加载样式文件 :/Resources/QSS/UserLogin.css 成功
2024-04-13 16:27:37.951 [DEBUG][UserLogin::initControl][35]: 登录窗口初始化
2024-04-13 16:27:38.045 [DEBUG][UserLogin::connectMySql][61]: 客户端连接数据库成功！
2024-04-13 16:28:15.381 [DEBUG][BasicWindow::onButtonCloseClicked][206]: 用户主动关闭登录窗口
2024-04-13 16:28:15.387 [DEBUG][BasicWindow::onShowQuit][155]: 用户点击退出按钮
2024-04-13 16:54:10.161 [DEBUG][main][43]: 

------------------------------------------------------------------------------------------------------
2024-04-13 16:54:10.162 [DEBUG][CommonUtils::getDefaultSkinColor][84]: 读取tradeprintinfo.ini文件存储背景颜色为：rgb(40,138,221);
2024-04-13 16:54:10.247 [DEBUG][TitleBar::loadStyleSheet][219]: TitleBar::loadStyleSheet 加载样式文件 :/Resources/QSS/Title.css 成功
2024-04-13 16:54:10.253 [DEBUG][BasicWindow::loadStyleSheet][85]: BasicWindow::loadStyleSheet 加载样式文件 :/Resources/QSS/UserLogin.css 成功
2024-04-13 16:54:10.253 [DEBUG][UserLogin::initControl][35]: 登录窗口初始化
2024-04-13 16:54:10.317 [DEBUG][UserLogin::connectMySql][61]: 客户端连接数据库成功！
2024-04-13 16:54:18.006 [DEBUG][UserLogin::onLoginBtnClicked][169]: 登录按钮被按下！
2024-04-13 16:54:18.006 [DEBUG][UserLogin::verfyAccountCode][70]: 账号密码验证
2024-04-13 16:54:18.006 [DEBUG][UserLogin::verfyAccountCode][76]: sql语句：SELECT code FROM tab_accounts WHERE employeeID=yaner
2024-04-13 16:54:18.007 [DEBUG][UserLogin::verfyAccountCode][97]: sql语句：SELECT code, employeeID FROM tab_accounts WHERE account = 'yaner'
2024-04-13 16:54:18.010 [DEBUG][UserLogin::verfyAccountLogout][120]: 账号验证是否已被注销
2024-04-13 16:54:18.010 [DEBUG][UserLogin::verfyAccountLogout][124]: sql语句：SELECT status FROM tab_employees WHERE employeeID=yaner
2024-04-13 16:54:42.112 [DEBUG][UserLogin::onLoginBtnClicked][169]: 登录按钮被按下！
2024-04-13 16:54:42.112 [DEBUG][UserLogin::verfyAccountCode][70]: 账号密码验证
2024-04-13 16:54:42.112 [DEBUG][UserLogin::verfyAccountCode][76]: sql语句：SELECT code FROM tab_accounts WHERE employeeID=rener
2024-04-13 16:54:42.112 [DEBUG][UserLogin::verfyAccountCode][97]: sql语句：SELECT code, employeeID FROM tab_accounts WHERE account = 'rener'
2024-04-13 16:54:42.113 [DEBUG][UserLogin::verfyAccountLogout][120]: 账号验证是否已被注销
2024-04-13 16:54:42.113 [DEBUG][UserLogin::verfyAccountLogout][124]: sql语句：SELECT status FROM tab_employees WHERE employeeID=rener
2024-04-13 16:55:06.999 [DEBUG][UserLogin::onLoginBtnClicked][169]: 登录按钮被按下！
2024-04-13 16:55:06.999 [DEBUG][UserLogin::verfyAccountCode][70]: 账号密码验证
2024-04-13 16:55:06.999 [DEBUG][UserLogin::verfyAccountCode][76]: sql语句：SELECT code FROM tab_accounts WHERE employeeID=rener
2024-04-13 16:55:06.999 [DEBUG][UserLogin::verfyAccountCode][97]: sql语句：SELECT code, employeeID FROM tab_accounts WHERE account = 'rener'
2024-04-13 16:55:07.000 [DEBUG][UserLogin::verfyAccountLogout][120]: 账号验证是否已被注销
2024-04-13 16:55:27.392 [DEBUG][UserLogin::verfyAccountLogout][124]: sql语句：SELECT status FROM tab_employees WHERE employeeID=rener
2024-04-13 16:55:39.014 [DEBUG][UserLogin::onLoginBtnClicked][169]: 登录按钮被按下！
2024-04-13 16:55:39.014 [DEBUG][UserLogin::verfyAccountCode][70]: 账号密码验证
2024-04-13 16:55:42.002 [DEBUG][UserLogin::verfyAccountCode][76]: sql语句：SELECT code FROM tab_accounts WHERE employeeID=rener
2024-04-13 16:55:43.723 [DEBUG][UserLogin::verfyAccountCode][97]: sql语句：SELECT code, employeeID FROM tab_accounts WHERE account = 'rener'
2024-04-13 16:55:47.829 [DEBUG][UserLogin::verfyAccountLogout][120]: 账号验证是否已被注销
2024-04-13 16:55:49.610 [DEBUG][UserLogin::verfyAccountLogout][124]: sql语句：SELECT status FROM tab_employees WHERE employeeID=rener
2024-04-13 16:58:18.670 [DEBUG][main][43]: 

------------------------------------------------------------------------------------------------------
2024-04-13 16:58:18.671 [DEBUG][CommonUtils::getDefaultSkinColor][84]: 读取tradeprintinfo.ini文件存储背景颜色为：rgb(40,138,221);
2024-04-13 16:58:18.716 [DEBUG][TitleBar::loadStyleSheet][219]: TitleBar::loadStyleSheet 加载样式文件 :/Resources/QSS/Title.css 成功
2024-04-13 16:58:18.722 [DEBUG][BasicWindow::loadStyleSheet][85]: BasicWindow::loadStyleSheet 加载样式文件 :/Resources/QSS/UserLogin.css 成功
2024-04-13 16:58:18.722 [DEBUG][UserLogin::initControl][35]: 登录窗口初始化
2024-04-13 16:58:18.773 [DEBUG][UserLogin::connectMySql][61]: 客户端连接数据库成功！
2024-04-13 16:58:20.723 [DEBUG][UserLogin::onLoginBtnClicked][196]: 登录按钮被按下！
2024-04-13 16:58:20.723 [DEBUG][UserLogin::verfyAccountLogout][120]: 账号验证是否已被注销
2024-04-13 16:58:20.723 [DEBUG][UserLogin::verfyAccountLogout][125]: sql语句：SELECT status FROM tab_employees WHERE employeeID=yaner
2024-04-13 16:58:20.724 [DEBUG][UserLogin::verfyAccountLogout][142]: sql语句：SELECT employeeID FROM tab_accounts WHERE account = 'yaner'
2024-04-13 16:58:20.724 [DEBUG][UserLogin::verfyAccountLogout][150]: sql语句：SELECT status FROM tab_employees WHERE employeeID=10005
2024-04-13 16:58:20.724 [DEBUG][UserLogin::verfyAccountCode][70]: 账号密码验证
2024-04-13 16:58:20.724 [DEBUG][UserLogin::verfyAccountCode][76]: sql语句：SELECT code FROM tab_accounts WHERE employeeID=yaner
2024-04-13 16:58:20.724 [DEBUG][UserLogin::verfyAccountCode][97]: sql语句：SELECT code, employeeID FROM tab_accounts WHERE account = 'yaner'
2024-04-13 16:58:20.740 [DEBUG][CommonUtils::getDefaultSkinColor][84]: 读取tradeprintinfo.ini文件存储背景颜色为：rgb(40,138,221);
2024-04-13 16:58:20.759 [DEBUG][CCMainWindow::CCMainWindow][41]: 主窗体初始化
2024-04-13 16:58:20.784 [DEBUG][BasicWindow::loadStyleSheet][85]: BasicWindow::loadStyleSheet 加载样式文件 :/Resources/QSS/CCMainWindow.css 成功
2024-04-13 16:58:20.785 [DEBUG][CCMainWindow::getHeadPixturePath][179]: sql语句：SELECT employeeID FROM tab_accounts WHERE account = '10005'
2024-04-13 16:58:20.785 [DEBUG][CCMainWindow::getHeadPixturePath][187]: sql语句：SELECT picture FROM tab_employees WHERE employeeID = 10005
2024-04-13 16:58:20.786 [DEBUG][CCMainWindow::setHeadPixmap][251]: 设置头像路径：E:\git_my_demo\graduation_project\QT_QQ\QtQQ\QtQQ\Resources\qtqq_images\y2.png
2024-04-13 16:58:20.805 [DEBUG][CCMainWindow::setLevePixmap][229]: 设置等级为：17
2024-04-13 16:58:20.806 [DEBUG][CCMainWindow::setStatusMenuIcon][261]: 设置状态路径：:/Resources/MainWindow/StatusSucceeded.png
2024-04-13 16:58:20.806 [DEBUG][CCMainWindow::addOtherAppExtension][274]: 生成按钮返回 (:Resources/MainWindow/app/app_7.png, app_7)
2024-04-13 16:58:20.807 [DEBUG][CCMainWindow::addOtherAppExtension][274]: 生成按钮返回 (:Resources/MainWindow/app/app_2.png, app_2)
2024-04-13 16:58:20.808 [DEBUG][CCMainWindow::addOtherAppExtension][274]: 生成按钮返回 (:Resources/MainWindow/app/app_3.png, app_3)
2024-04-13 16:58:20.809 [DEBUG][CCMainWindow::addOtherAppExtension][274]: 生成按钮返回 (:Resources/MainWindow/app/app_4.png, app_4)
2024-04-13 16:58:20.809 [DEBUG][CCMainWindow::addOtherAppExtension][274]: 生成按钮返回 (:Resources/MainWindow/app/app_5.png, app_5)
2024-04-13 16:58:20.810 [DEBUG][CCMainWindow::addOtherAppExtension][274]: 生成按钮返回 (:Resources/MainWindow/app/app_6.png, app_6)
2024-04-13 16:58:20.811 [DEBUG][CCMainWindow::addOtherAppExtension][274]: 生成按钮返回 (:Resources/MainWindow/app/skin.png, app_skin)
2024-04-13 16:58:20.811 [DEBUG][CCMainWindow::addOtherAppExtension][274]: 生成按钮返回 (:Resources/MainWindow/app/app_10.png, app_10)
2024-04-13 16:58:20.812 [DEBUG][CCMainWindow::addOtherAppExtension][274]: 生成按钮返回 (:Resources/MainWindow/app/app_8.png, app_8)
2024-04-13 16:58:20.813 [DEBUG][CCMainWindow::addOtherAppExtension][274]: 生成按钮返回 (:Resources/MainWindow/app/app_11.png, app_11)
2024-04-13 16:58:20.813 [DEBUG][CCMainWindow::addOtherAppExtension][274]: 生成按钮返回 (:Resources/MainWindow/app/app_9.png, app_9)
2024-04-13 16:58:20.814 [DEBUG][CCMainWindow::initContactTree][297]: 树初始化
2024-04-13 16:58:20.815 [DEBUG][CCMainWindow::initContactTree][316]: sql语句：SELECT departmentID FROM tab_department WHERE department_name = '公司群'
2024-04-13 16:58:20.816 [DEBUG][CCMainWindow::initContactTree][325]: sql语句：SELECT departmentID FROM tab_employees WHERE employeeID = 10005
2024-04-13 16:58:20.816 [DEBUG][CCMainWindow::addCompanyDeps][131]: 群id：2000
2024-04-13 16:58:20.817 [DEBUG][CCMainWindow::addCompanyDeps][146]: sql语句：SELECT picture FROM tab_department WHERE departmentID = 2000
2024-04-13 16:58:20.826 [DEBUG][CCMainWindow::addCompanyDeps][156]: sql语句：SELECT department_name FROM tab_department WHERE departmentID = 2000
2024-04-13 16:58:20.828 [DEBUG][Contactltem::setUserName][15]: 设置用户名：公司群
2024-04-13 16:58:20.830 [DEBUG][CCMainWindow::addCompanyDeps][131]: 群id：2002
2024-04-13 16:58:20.831 [DEBUG][CCMainWindow::addCompanyDeps][146]: sql语句：SELECT picture FROM tab_department WHERE departmentID = 2002
2024-04-13 16:58:20.841 [DEBUG][CCMainWindow::addCompanyDeps][156]: sql语句：SELECT department_name FROM tab_department WHERE departmentID = 2002
2024-04-13 16:58:20.843 [DEBUG][Contactltem::setUserName][15]: 设置用户名：研发部
2024-04-13 16:58:21.299 [DEBUG][SysTray::initSystemTray][24]: 初始化系统托盘图标：:Resources/MainWindow/app/logo.ico
2024-04-13 16:58:21.338 [DEBUG][CCMainWindow::setUserName][218]: 设置用户名为：Qt即时通讯软件
2024-04-13 16:58:25.152 [DEBUG][main][43]: 

------------------------------------------------------------------------------------------------------
2024-04-13 16:58:25.153 [DEBUG][CommonUtils::getDefaultSkinColor][84]: 读取tradeprintinfo.ini文件存储背景颜色为：rgb(40,138,221);
2024-04-13 16:58:25.204 [DEBUG][TitleBar::loadStyleSheet][219]: TitleBar::loadStyleSheet 加载样式文件 :/Resources/QSS/Title.css 成功
2024-04-13 16:58:25.210 [DEBUG][BasicWindow::loadStyleSheet][85]: BasicWindow::loadStyleSheet 加载样式文件 :/Resources/QSS/UserLogin.css 成功
2024-04-13 16:58:25.210 [DEBUG][UserLogin::initControl][35]: 登录窗口初始化
2024-04-13 16:58:25.262 [DEBUG][UserLogin::connectMySql][61]: 客户端连接数据库成功！
2024-04-13 16:58:39.317 [DEBUG][UserLogin::onLoginBtnClicked][196]: 登录按钮被按下！
2024-04-13 16:58:39.317 [DEBUG][UserLogin::verfyAccountLogout][120]: 账号验证是否已被注销
2024-04-13 16:58:39.317 [DEBUG][UserLogin::verfyAccountLogout][125]: sql语句：SELECT status FROM tab_employees WHERE employeeID=renyi
2024-04-13 16:58:39.318 [DEBUG][UserLogin::verfyAccountLogout][142]: sql语句：SELECT employeeID FROM tab_accounts WHERE account = 'renyi'
2024-04-13 16:58:39.318 [DEBUG][UserLogin::verfyAccountLogout][150]: sql语句：SELECT status FROM tab_employees WHERE employeeID=10001
2024-04-13 16:58:42.995 [DEBUG][BasicWindow::onButtonCloseClicked][206]: 用户主动关闭登录窗口
2024-04-13 16:58:42.999 [DEBUG][BasicWindow::onShowQuit][155]: 用户点击退出按钮
