2024-04-11 21:53:36.961 [DEBUG][main][43]: 

------------------------------------------------------------------------------------------------------
2024-04-11 21:53:36.962 [DEBUG][CommonUtils::getDefaultSkinColor][84]: 读取tradeprintinfo.ini文件存储背景颜色为：rgb(40,138,221);
2024-04-11 21:53:37.053 [DEBUG][TitleBar::loadStyleSheet][219]: TitleBar::loadStyleSheet 加载样式文件 :/Resources/QSS/Title.css 成功
2024-04-11 21:53:37.059 [DEBUG][BasicWindow::loadStyleSheet][85]: BasicWindow::loadStyleSheet 加载样式文件 :/Resources/QSS/UserLogin.css 成功
2024-04-11 21:53:37.059 [DEBUG][UserLogin::initControl][27]: 登录窗口初始化
2024-04-11 21:53:37.128 [DEBUG][UserLogin::connectMySql][53]: 客户端连接数据库成功！
2024-04-11 21:58:04.808 [DEBUG][main][43]: 

------------------------------------------------------------------------------------------------------
2024-04-11 21:58:04.809 [DEBUG][CommonUtils::getDefaultSkinColor][84]: 读取tradeprintinfo.ini文件存储背景颜色为：rgb(40,138,221);
2024-04-11 21:58:04.851 [DEBUG][TitleBar::loadStyleSheet][219]: TitleBar::loadStyleSheet 加载样式文件 :/Resources/QSS/Title.css 成功
2024-04-11 21:58:04.857 [DEBUG][BasicWindow::loadStyleSheet][85]: BasicWindow::loadStyleSheet 加载样式文件 :/Resources/QSS/UserLogin.css 成功
2024-04-11 21:58:04.857 [DEBUG][UserLogin::initControl][30]: 登录窗口初始化
2024-04-11 21:58:04.908 [DEBUG][UserLogin::connectMySql][56]: 客户端连接数据库成功！
2024-04-11 21:58:26.262 [DEBUG][main][43]: 

------------------------------------------------------------------------------------------------------
2024-04-11 21:58:26.263 [DEBUG][CommonUtils::getDefaultSkinColor][84]: 读取tradeprintinfo.ini文件存储背景颜色为：rgb(40,138,221);
2024-04-11 21:58:26.306 [DEBUG][TitleBar::loadStyleSheet][219]: TitleBar::loadStyleSheet 加载样式文件 :/Resources/QSS/Title.css 成功
2024-04-11 21:58:26.312 [DEBUG][BasicWindow::loadStyleSheet][85]: BasicWindow::loadStyleSheet 加载样式文件 :/Resources/QSS/UserLogin.css 成功
2024-04-11 21:58:26.312 [DEBUG][UserLogin::initControl][30]: 登录窗口初始化
2024-04-11 21:58:26.362 [DEBUG][UserLogin::connectMySql][56]: 客户端连接数据库成功！
2024-04-11 21:58:57.361 [DEBUG][main][43]: 

------------------------------------------------------------------------------------------------------
2024-04-11 21:58:57.362 [DEBUG][CommonUtils::getDefaultSkinColor][84]: 读取tradeprintinfo.ini文件存储背景颜色为：rgb(40,138,221);
2024-04-11 21:58:57.408 [DEBUG][TitleBar::loadStyleSheet][219]: TitleBar::loadStyleSheet 加载样式文件 :/Resources/QSS/Title.css 成功
2024-04-11 21:58:57.430 [DEBUG][BasicWindow::loadStyleSheet][85]: BasicWindow::loadStyleSheet 加载样式文件 :/Resources/QSS/UserLogin.css 成功
2024-04-11 21:58:57.430 [DEBUG][UserLogin::initControl][32]: 登录窗口初始化
2024-04-11 21:58:57.483 [DEBUG][UserLogin::connectMySql][58]: 客户端连接数据库成功！
2024-04-11 21:59:18.313 [DEBUG][main][43]: 

------------------------------------------------------------------------------------------------------
2024-04-11 21:59:18.314 [DEBUG][CommonUtils::getDefaultSkinColor][84]: 读取tradeprintinfo.ini文件存储背景颜色为：rgb(40,138,221);
2024-04-11 21:59:18.354 [DEBUG][TitleBar::loadStyleSheet][219]: TitleBar::loadStyleSheet 加载样式文件 :/Resources/QSS/Title.css 成功
2024-04-11 21:59:18.360 [DEBUG][BasicWindow::loadStyleSheet][85]: BasicWindow::loadStyleSheet 加载样式文件 :/Resources/QSS/UserLogin.css 成功
2024-04-11 21:59:18.360 [DEBUG][UserLogin::initControl][32]: 登录窗口初始化
2024-04-11 21:59:18.412 [DEBUG][UserLogin::connectMySql][58]: 客户端连接数据库成功！
2024-04-11 21:59:32.968 [DEBUG][main][43]: 

------------------------------------------------------------------------------------------------------
2024-04-11 21:59:32.969 [DEBUG][CommonUtils::getDefaultSkinColor][84]: 读取tradeprintinfo.ini文件存储背景颜色为：rgb(40,138,221);
2024-04-11 21:59:33.012 [DEBUG][TitleBar::loadStyleSheet][219]: TitleBar::loadStyleSheet 加载样式文件 :/Resources/QSS/Title.css 成功
2024-04-11 21:59:33.019 [DEBUG][BasicWindow::loadStyleSheet][85]: BasicWindow::loadStyleSheet 加载样式文件 :/Resources/QSS/UserLogin.css 成功
2024-04-11 21:59:33.019 [DEBUG][UserLogin::initControl][32]: 登录窗口初始化
2024-04-11 21:59:33.074 [DEBUG][UserLogin::connectMySql][58]: 客户端连接数据库成功！
2024-04-11 22:28:21.607 [DEBUG][main][43]: 

------------------------------------------------------------------------------------------------------
2024-04-11 22:28:21.613 [DEBUG][CommonUtils::getDefaultSkinColor][84]: 读取tradeprintinfo.ini文件存储背景颜色为：rgb(40,138,221);
2024-04-11 22:28:21.728 [DEBUG][TitleBar::loadStyleSheet][219]: TitleBar::loadStyleSheet 加载样式文件 :/Resources/QSS/Title.css 成功
2024-04-11 22:28:21.738 [DEBUG][BasicWindow::loadStyleSheet][85]: BasicWindow::loadStyleSheet 加载样式文件 :/Resources/QSS/UserLogin.css 成功
2024-04-11 22:28:21.738 [DEBUG][UserLogin::initControl][33]: 登录窗口初始化
2024-04-11 22:28:22.187 [DEBUG][UserLogin::connectMySql][59]: 客户端连接数据库成功！
2024-04-11 22:28:33.220 [DEBUG][main][43]: 

------------------------------------------------------------------------------------------------------
2024-04-11 22:28:33.221 [DEBUG][CommonUtils::getDefaultSkinColor][84]: 读取tradeprintinfo.ini文件存储背景颜色为：rgb(40,138,221);
2024-04-11 22:28:33.289 [DEBUG][TitleBar::loadStyleSheet][219]: TitleBar::loadStyleSheet 加载样式文件 :/Resources/QSS/Title.css 成功
2024-04-11 22:28:33.297 [DEBUG][BasicWindow::loadStyleSheet][85]: BasicWindow::loadStyleSheet 加载样式文件 :/Resources/QSS/UserLogin.css 成功
2024-04-11 22:28:33.297 [DEBUG][UserLogin::initControl][35]: 登录窗口初始化
2024-04-11 22:28:33.368 [DEBUG][UserLogin::connectMySql][61]: 客户端连接数据库成功！
2024-04-11 22:35:45.888 [DEBUG][main][43]: 

------------------------------------------------------------------------------------------------------
2024-04-11 22:35:45.889 [DEBUG][CommonUtils::getDefaultSkinColor][84]: 读取tradeprintinfo.ini文件存储背景颜色为：rgb(40,138,221);
2024-04-11 22:35:45.928 [DEBUG][TitleBar::loadStyleSheet][219]: TitleBar::loadStyleSheet 加载样式文件 :/Resources/QSS/Title.css 成功
2024-04-11 22:35:45.933 [DEBUG][BasicWindow::loadStyleSheet][85]: BasicWindow::loadStyleSheet 加载样式文件 :/Resources/QSS/UserLogin.css 成功
2024-04-11 22:35:45.934 [DEBUG][UserLogin::initControl][35]: 登录窗口初始化
2024-04-11 22:35:45.985 [DEBUG][UserLogin::connectMySql][61]: 客户端连接数据库成功！
2024-04-11 22:35:52.663 [DEBUG][UserLogin::onLoginBtnClicked][147]: 登录按钮被按下！
2024-04-11 22:35:52.663 [DEBUG][UserLogin::verfyAccountCode][70]: 账号密码验证
2024-04-11 22:35:52.663 [DEBUG][UserLogin::verfyAccountCode][76]: sql语句：SELECT code FROM tab_accounts WHERE employeeId=yanyi
2024-04-11 22:35:52.664 [DEBUG][UserLogin::verfyAccountCode][98]: sql语句：SELECT code, employeeID FROM tab_accounts WHERE account = 'yanyi'
2024-04-11 22:35:52.685 [DEBUG][CommonUtils::getDefaultSkinColor][84]: 读取tradeprintinfo.ini文件存储背景颜色为：rgb(40,138,221);
2024-04-11 22:35:52.697 [DEBUG][CCMainWindow::CCMainWindow][41]: 主窗体初始化
2024-04-11 22:35:52.721 [DEBUG][BasicWindow::loadStyleSheet][85]: BasicWindow::loadStyleSheet 加载样式文件 :/Resources/QSS/CCMainWindow.css 成功
2024-04-11 22:35:52.721 [DEBUG][CCMainWindow::getHeadPixturePath][179]: sql语句：SELECT employeeID FROM tab_accounts WHERE account = '10004'
2024-04-11 22:35:52.722 [DEBUG][CCMainWindow::getHeadPixturePath][187]: sql语句：SELECT picture FROM tab_employees WHERE employeeID = 10004
2024-04-11 22:35:52.723 [DEBUG][CCMainWindow::setHeadPixmap][251]: 设置头像路径：E:\git_my_demo\graduation_project\QT_QQ\QtQQ\QtQQ\Resources\qtqq_images\y1.png
2024-04-11 22:35:52.741 [DEBUG][CCMainWindow::setLevePixmap][229]: 设置等级为：17
2024-04-11 22:35:52.742 [DEBUG][CCMainWindow::setStatusMenuIcon][261]: 设置状态路径：:/Resources/MainWindow/StatusSucceeded.png
2024-04-11 22:35:52.743 [DEBUG][CCMainWindow::addOtherAppExtension][274]: 生成按钮返回 (:Resources/MainWindow/app/app_7.png, app_7)
2024-04-11 22:35:52.744 [DEBUG][CCMainWindow::addOtherAppExtension][274]: 生成按钮返回 (:Resources/MainWindow/app/app_2.png, app_2)
2024-04-11 22:35:52.744 [DEBUG][CCMainWindow::addOtherAppExtension][274]: 生成按钮返回 (:Resources/MainWindow/app/app_3.png, app_3)
2024-04-11 22:35:52.745 [DEBUG][CCMainWindow::addOtherAppExtension][274]: 生成按钮返回 (:Resources/MainWindow/app/app_4.png, app_4)
2024-04-11 22:35:52.746 [DEBUG][CCMainWindow::addOtherAppExtension][274]: 生成按钮返回 (:Resources/MainWindow/app/app_5.png, app_5)
2024-04-11 22:35:52.747 [DEBUG][CCMainWindow::addOtherAppExtension][274]: 生成按钮返回 (:Resources/MainWindow/app/app_6.png, app_6)
2024-04-11 22:35:52.748 [DEBUG][CCMainWindow::addOtherAppExtension][274]: 生成按钮返回 (:Resources/MainWindow/app/skin.png, app_skin)
2024-04-11 22:35:52.749 [DEBUG][CCMainWindow::addOtherAppExtension][274]: 生成按钮返回 (:Resources/MainWindow/app/app_10.png, app_10)
2024-04-11 22:35:52.750 [DEBUG][CCMainWindow::addOtherAppExtension][274]: 生成按钮返回 (:Resources/MainWindow/app/app_8.png, app_8)
2024-04-11 22:35:52.750 [DEBUG][CCMainWindow::addOtherAppExtension][274]: 生成按钮返回 (:Resources/MainWindow/app/app_11.png, app_11)
2024-04-11 22:35:52.751 [DEBUG][CCMainWindow::addOtherAppExtension][274]: 生成按钮返回 (:Resources/MainWindow/app/app_9.png, app_9)
2024-04-11 22:35:52.752 [DEBUG][CCMainWindow::initContactTree][297]: 树初始化
2024-04-11 22:35:52.753 [DEBUG][CCMainWindow::initContactTree][316]: sql语句：SELECT departmentID FROM tab_department WHERE department_name = '公司群'
2024-04-11 22:35:52.754 [DEBUG][CCMainWindow::initContactTree][325]: sql语句：SELECT departmentID FROM tab_employees WHERE employeeID = 10004
2024-04-11 22:35:52.754 [DEBUG][CCMainWindow::addCompanyDeps][131]: 群id：2000
2024-04-11 22:35:52.755 [DEBUG][CCMainWindow::addCompanyDeps][146]: sql语句：SELECT picture FROM tab_department WHERE departmentID = 2000
2024-04-11 22:35:52.763 [DEBUG][CCMainWindow::addCompanyDeps][156]: sql语句：SELECT department_name FROM tab_department WHERE departmentID = 2000
2024-04-11 22:35:52.765 [DEBUG][Contactltem::setUserName][15]: 设置用户名：公司群
2024-04-11 22:35:52.767 [DEBUG][CCMainWindow::addCompanyDeps][131]: 群id：2002
2024-04-11 22:35:52.767 [DEBUG][CCMainWindow::addCompanyDeps][146]: sql语句：SELECT picture FROM tab_department WHERE departmentID = 2002
2024-04-11 22:35:52.776 [DEBUG][CCMainWindow::addCompanyDeps][156]: sql语句：SELECT department_name FROM tab_department WHERE departmentID = 2002
2024-04-11 22:35:52.777 [DEBUG][Contactltem::setUserName][15]: 设置用户名：研发部
2024-04-11 22:35:52.781 [DEBUG][SysTray::initSystemTray][24]: 初始化系统托盘图标：:Resources/MainWindow/app/logo.ico
2024-04-11 22:35:52.825 [DEBUG][CCMainWindow::setUserName][218]: 设置用户名为：Qt即时通讯软件
2024-04-11 22:36:01.461 [DEBUG][main][43]: 

------------------------------------------------------------------------------------------------------
2024-04-11 22:36:01.461 [DEBUG][CommonUtils::getDefaultSkinColor][84]: 读取tradeprintinfo.ini文件存储背景颜色为：rgb(40,138,221);
2024-04-11 22:36:01.503 [DEBUG][TitleBar::loadStyleSheet][219]: TitleBar::loadStyleSheet 加载样式文件 :/Resources/QSS/Title.css 成功
2024-04-11 22:36:01.509 [DEBUG][BasicWindow::loadStyleSheet][85]: BasicWindow::loadStyleSheet 加载样式文件 :/Resources/QSS/UserLogin.css 成功
2024-04-11 22:36:01.509 [DEBUG][UserLogin::initControl][35]: 登录窗口初始化
2024-04-11 22:36:01.561 [DEBUG][UserLogin::connectMySql][61]: 客户端连接数据库成功！
2024-04-11 22:36:04.500 [DEBUG][UserLogin::onLoginBtnClicked][147]: 登录按钮被按下！
2024-04-11 22:36:04.500 [DEBUG][UserLogin::verfyAccountCode][70]: 账号密码验证
2024-04-11 22:36:04.500 [DEBUG][UserLogin::verfyAccountCode][76]: sql语句：SELECT code FROM tab_accounts WHERE employeeId=yanyi
2024-04-11 22:36:04.500 [DEBUG][UserLogin::verfyAccountCode][98]: sql语句：SELECT code, employeeID FROM tab_accounts WHERE account = 'yanyi'
2024-04-11 22:36:04.520 [DEBUG][CommonUtils::getDefaultSkinColor][84]: 读取tradeprintinfo.ini文件存储背景颜色为：rgb(40,138,221);
2024-04-11 22:36:04.535 [DEBUG][CCMainWindow::CCMainWindow][41]: 主窗体初始化
2024-04-11 22:36:04.560 [DEBUG][BasicWindow::loadStyleSheet][85]: BasicWindow::loadStyleSheet 加载样式文件 :/Resources/QSS/CCMainWindow.css 成功
2024-04-11 22:36:04.560 [DEBUG][CCMainWindow::getHeadPixturePath][179]: sql语句：SELECT employeeID FROM tab_accounts WHERE account = '10004'
2024-04-11 22:36:04.560 [DEBUG][CCMainWindow::getHeadPixturePath][187]: sql语句：SELECT picture FROM tab_employees WHERE employeeID = 10004
2024-04-11 22:36:04.561 [DEBUG][CCMainWindow::setHeadPixmap][251]: 设置头像路径：E:\git_my_demo\graduation_project\QT_QQ\QtQQ\QtQQ\Resources\qtqq_images\y1.png
2024-04-11 22:36:04.569 [DEBUG][CCMainWindow::setLevePixmap][229]: 设置等级为：17
2024-04-11 22:36:04.571 [DEBUG][CCMainWindow::setStatusMenuIcon][261]: 设置状态路径：:/Resources/MainWindow/StatusSucceeded.png
2024-04-11 22:36:04.571 [DEBUG][CCMainWindow::addOtherAppExtension][274]: 生成按钮返回 (:Resources/MainWindow/app/app_7.png, app_7)
2024-04-11 22:36:04.572 [DEBUG][CCMainWindow::addOtherAppExtension][274]: 生成按钮返回 (:Resources/MainWindow/app/app_2.png, app_2)
2024-04-11 22:36:04.573 [DEBUG][CCMainWindow::addOtherAppExtension][274]: 生成按钮返回 (:Resources/MainWindow/app/app_3.png, app_3)
2024-04-11 22:36:04.574 [DEBUG][CCMainWindow::addOtherAppExtension][274]: 生成按钮返回 (:Resources/MainWindow/app/app_4.png, app_4)
2024-04-11 22:36:04.575 [DEBUG][CCMainWindow::addOtherAppExtension][274]: 生成按钮返回 (:Resources/MainWindow/app/app_5.png, app_5)
2024-04-11 22:36:04.576 [DEBUG][CCMainWindow::addOtherAppExtension][274]: 生成按钮返回 (:Resources/MainWindow/app/app_6.png, app_6)
2024-04-11 22:36:04.577 [DEBUG][CCMainWindow::addOtherAppExtension][274]: 生成按钮返回 (:Resources/MainWindow/app/skin.png, app_skin)
2024-04-11 22:36:04.578 [DEBUG][CCMainWindow::addOtherAppExtension][274]: 生成按钮返回 (:Resources/MainWindow/app/app_10.png, app_10)
2024-04-11 22:36:04.579 [DEBUG][CCMainWindow::addOtherAppExtension][274]: 生成按钮返回 (:Resources/MainWindow/app/app_8.png, app_8)
2024-04-11 22:36:04.580 [DEBUG][CCMainWindow::addOtherAppExtension][274]: 生成按钮返回 (:Resources/MainWindow/app/app_11.png, app_11)
2024-04-11 22:36:04.580 [DEBUG][CCMainWindow::addOtherAppExtension][274]: 生成按钮返回 (:Resources/MainWindow/app/app_9.png, app_9)
2024-04-11 22:36:04.581 [DEBUG][CCMainWindow::initContactTree][297]: 树初始化
2024-04-11 22:36:04.582 [DEBUG][CCMainWindow::initContactTree][316]: sql语句：SELECT departmentID FROM tab_department WHERE department_name = '公司群'
2024-04-11 22:36:04.582 [DEBUG][CCMainWindow::initContactTree][325]: sql语句：SELECT departmentID FROM tab_employees WHERE employeeID = 10004
2024-04-11 22:36:04.582 [DEBUG][CCMainWindow::addCompanyDeps][131]: 群id：2000
2024-04-11 22:36:04.583 [DEBUG][CCMainWindow::addCompanyDeps][146]: sql语句：SELECT picture FROM tab_department WHERE departmentID = 2000
2024-04-11 22:36:04.586 [DEBUG][CCMainWindow::addCompanyDeps][156]: sql语句：SELECT department_name FROM tab_department WHERE departmentID = 2000
2024-04-11 22:36:04.587 [DEBUG][Contactltem::setUserName][15]: 设置用户名：公司群
2024-04-11 22:36:04.590 [DEBUG][CCMainWindow::addCompanyDeps][131]: 群id：2002
2024-04-11 22:36:04.590 [DEBUG][CCMainWindow::addCompanyDeps][146]: sql语句：SELECT picture FROM tab_department WHERE departmentID = 2002
2024-04-11 22:36:04.594 [DEBUG][CCMainWindow::addCompanyDeps][156]: sql语句：SELECT department_name FROM tab_department WHERE departmentID = 2002
2024-04-11 22:36:04.595 [DEBUG][Contactltem::setUserName][15]: 设置用户名：研发部
2024-04-11 22:36:04.598 [DEBUG][SysTray::initSystemTray][24]: 初始化系统托盘图标：:Resources/MainWindow/app/logo.ico
2024-04-11 22:36:04.632 [DEBUG][CCMainWindow::setUserName][218]: 设置用户名为：Qt即时通讯软件
2024-04-11 22:36:06.297 [DEBUG][BasicWindow::onShowQuit][155]: 用户点击退出按钮
2024-04-11 22:36:13.861 [DEBUG][main][43]: 

------------------------------------------------------------------------------------------------------
2024-04-11 22:36:13.862 [DEBUG][CommonUtils::getDefaultSkinColor][84]: 读取tradeprintinfo.ini文件存储背景颜色为：rgb(40,138,221);
2024-04-11 22:36:13.908 [DEBUG][TitleBar::loadStyleSheet][219]: TitleBar::loadStyleSheet 加载样式文件 :/Resources/QSS/Title.css 成功
2024-04-11 22:36:13.917 [DEBUG][BasicWindow::loadStyleSheet][85]: BasicWindow::loadStyleSheet 加载样式文件 :/Resources/QSS/UserLogin.css 成功
2024-04-11 22:36:13.917 [DEBUG][UserLogin::initControl][35]: 登录窗口初始化
2024-04-11 22:36:13.984 [DEBUG][UserLogin::connectMySql][61]: 客户端连接数据库成功！
2024-04-11 22:36:20.338 [DEBUG][UserLogin::onLoginBtnClicked][147]: 登录按钮被按下！
2024-04-11 22:36:20.338 [DEBUG][UserLogin::verfyAccountCode][70]: 账号密码验证
2024-04-11 22:36:20.338 [DEBUG][UserLogin::verfyAccountCode][76]: sql语句：SELECT code FROM tab_accounts WHERE employeeId=yaner
2024-04-11 22:36:20.339 [DEBUG][UserLogin::verfyAccountCode][98]: sql语句：SELECT code, employeeID FROM tab_accounts WHERE account = 'yaner'
2024-04-11 22:36:20.354 [DEBUG][CommonUtils::getDefaultSkinColor][84]: 读取tradeprintinfo.ini文件存储背景颜色为：rgb(40,138,221);
2024-04-11 22:36:20.370 [DEBUG][CCMainWindow::CCMainWindow][41]: 主窗体初始化
2024-04-11 22:36:20.393 [DEBUG][BasicWindow::loadStyleSheet][85]: BasicWindow::loadStyleSheet 加载样式文件 :/Resources/QSS/CCMainWindow.css 成功
2024-04-11 22:36:20.393 [DEBUG][CCMainWindow::getHeadPixturePath][179]: sql语句：SELECT employeeID FROM tab_accounts WHERE account = '10005'
2024-04-11 22:36:20.393 [DEBUG][CCMainWindow::getHeadPixturePath][187]: sql语句：SELECT picture FROM tab_employees WHERE employeeID = 10005
2024-04-11 22:36:20.394 [DEBUG][CCMainWindow::setHeadPixmap][251]: 设置头像路径：E:\git_my_demo\graduation_project\QT_QQ\QtQQ\QtQQ\Resources\qtqq_images\y2.png
2024-04-11 22:36:20.409 [DEBUG][CCMainWindow::setLevePixmap][229]: 设置等级为：17
2024-04-11 22:36:20.410 [DEBUG][CCMainWindow::setStatusMenuIcon][261]: 设置状态路径：:/Resources/MainWindow/StatusSucceeded.png
2024-04-11 22:36:20.411 [DEBUG][CCMainWindow::addOtherAppExtension][274]: 生成按钮返回 (:Resources/MainWindow/app/app_7.png, app_7)
2024-04-11 22:36:20.411 [DEBUG][CCMainWindow::addOtherAppExtension][274]: 生成按钮返回 (:Resources/MainWindow/app/app_2.png, app_2)
2024-04-11 22:36:20.412 [DEBUG][CCMainWindow::addOtherAppExtension][274]: 生成按钮返回 (:Resources/MainWindow/app/app_3.png, app_3)
2024-04-11 22:36:20.412 [DEBUG][CCMainWindow::addOtherAppExtension][274]: 生成按钮返回 (:Resources/MainWindow/app/app_4.png, app_4)
2024-04-11 22:36:20.413 [DEBUG][CCMainWindow::addOtherAppExtension][274]: 生成按钮返回 (:Resources/MainWindow/app/app_5.png, app_5)
2024-04-11 22:36:20.414 [DEBUG][CCMainWindow::addOtherAppExtension][274]: 生成按钮返回 (:Resources/MainWindow/app/app_6.png, app_6)
2024-04-11 22:36:20.415 [DEBUG][CCMainWindow::addOtherAppExtension][274]: 生成按钮返回 (:Resources/MainWindow/app/skin.png, app_skin)
2024-04-11 22:36:20.416 [DEBUG][CCMainWindow::addOtherAppExtension][274]: 生成按钮返回 (:Resources/MainWindow/app/app_10.png, app_10)
2024-04-11 22:36:20.417 [DEBUG][CCMainWindow::addOtherAppExtension][274]: 生成按钮返回 (:Resources/MainWindow/app/app_8.png, app_8)
2024-04-11 22:36:20.417 [DEBUG][CCMainWindow::addOtherAppExtension][274]: 生成按钮返回 (:Resources/MainWindow/app/app_11.png, app_11)
2024-04-11 22:36:20.418 [DEBUG][CCMainWindow::addOtherAppExtension][274]: 生成按钮返回 (:Resources/MainWindow/app/app_9.png, app_9)
2024-04-11 22:36:20.419 [DEBUG][CCMainWindow::initContactTree][297]: 树初始化
2024-04-11 22:36:20.420 [DEBUG][CCMainWindow::initContactTree][316]: sql语句：SELECT departmentID FROM tab_department WHERE department_name = '公司群'
2024-04-11 22:36:20.420 [DEBUG][CCMainWindow::initContactTree][325]: sql语句：SELECT departmentID FROM tab_employees WHERE employeeID = 10005
2024-04-11 22:36:20.420 [DEBUG][CCMainWindow::addCompanyDeps][131]: 群id：2000
2024-04-11 22:36:20.421 [DEBUG][CCMainWindow::addCompanyDeps][146]: sql语句：SELECT picture FROM tab_department WHERE departmentID = 2000
2024-04-11 22:36:20.424 [DEBUG][CCMainWindow::addCompanyDeps][156]: sql语句：SELECT department_name FROM tab_department WHERE departmentID = 2000
2024-04-11 22:36:20.426 [DEBUG][Contactltem::setUserName][15]: 设置用户名：公司群
2024-04-11 22:36:20.428 [DEBUG][CCMainWindow::addCompanyDeps][131]: 群id：2002
2024-04-11 22:36:20.429 [DEBUG][CCMainWindow::addCompanyDeps][146]: sql语句：SELECT picture FROM tab_department WHERE departmentID = 2002
2024-04-11 22:36:20.433 [DEBUG][CCMainWindow::addCompanyDeps][156]: sql语句：SELECT department_name FROM tab_department WHERE departmentID = 2002
2024-04-11 22:36:20.435 [DEBUG][Contactltem::setUserName][15]: 设置用户名：研发部
2024-04-11 22:36:20.438 [DEBUG][SysTray::initSystemTray][24]: 初始化系统托盘图标：:Resources/MainWindow/app/logo.ico
2024-04-11 22:36:20.465 [DEBUG][CCMainWindow::setUserName][218]: 设置用户名为：Qt即时通讯软件
2024-04-11 22:36:21.607 [DEBUG][CCMainWindow::onItemClicked][396]: 树项被单击
2024-04-11 22:36:21.607 [DEBUG][CCMainWindow::onItemExpanded][403]: 树项被展开
2024-04-11 22:36:21.607 [DEBUG][RootContatItem::setExpanded][38]: 设置属性动画的结束值：90
2024-04-11 22:36:30.646 [DEBUG][main][43]: 

------------------------------------------------------------------------------------------------------
2024-04-11 22:36:30.647 [DEBUG][CommonUtils::getDefaultSkinColor][84]: 读取tradeprintinfo.ini文件存储背景颜色为：rgb(40,138,221);
2024-04-11 22:36:30.696 [DEBUG][TitleBar::loadStyleSheet][219]: TitleBar::loadStyleSheet 加载样式文件 :/Resources/QSS/Title.css 成功
2024-04-11 22:36:30.704 [DEBUG][BasicWindow::loadStyleSheet][85]: BasicWindow::loadStyleSheet 加载样式文件 :/Resources/QSS/UserLogin.css 成功
2024-04-11 22:36:30.704 [DEBUG][UserLogin::initControl][35]: 登录窗口初始化
2024-04-11 22:36:30.759 [DEBUG][UserLogin::connectMySql][61]: 客户端连接数据库成功！
2024-04-11 22:36:34.066 [DEBUG][UserLogin::onLoginBtnClicked][147]: 登录按钮被按下！
2024-04-11 22:36:34.067 [DEBUG][UserLogin::verfyAccountCode][70]: 账号密码验证
2024-04-11 22:36:34.067 [DEBUG][UserLogin::verfyAccountCode][76]: sql语句：SELECT code FROM tab_accounts WHERE employeeId=yaner
2024-04-11 22:36:34.067 [DEBUG][UserLogin::verfyAccountCode][98]: sql语句：SELECT code, employeeID FROM tab_accounts WHERE account = 'yaner'
2024-04-11 22:37:11.751 [DEBUG][main][43]: 

------------------------------------------------------------------------------------------------------
2024-04-11 22:37:11.752 [DEBUG][CommonUtils::getDefaultSkinColor][84]: 读取tradeprintinfo.ini文件存储背景颜色为：rgb(40,138,221);
2024-04-11 22:37:11.797 [DEBUG][TitleBar::loadStyleSheet][219]: TitleBar::loadStyleSheet 加载样式文件 :/Resources/QSS/Title.css 成功
2024-04-11 22:37:11.803 [DEBUG][BasicWindow::loadStyleSheet][85]: BasicWindow::loadStyleSheet 加载样式文件 :/Resources/QSS/UserLogin.css 成功
2024-04-11 22:37:11.803 [DEBUG][UserLogin::initControl][35]: 登录窗口初始化
2024-04-11 22:37:11.855 [DEBUG][UserLogin::connectMySql][61]: 客户端连接数据库成功！
2024-04-11 22:37:16.670 [DEBUG][UserLogin::onLoginBtnClicked][147]: 登录按钮被按下！
2024-04-11 22:37:16.670 [DEBUG][UserLogin::verfyAccountCode][70]: 账号密码验证
2024-04-11 22:37:16.670 [DEBUG][UserLogin::verfyAccountCode][76]: sql语句：SELECT code FROM tab_accounts WHERE employeeId=yaner
2024-04-11 22:37:16.671 [DEBUG][UserLogin::verfyAccountCode][98]: sql语句：SELECT code, employeeID FROM tab_accounts WHERE account = 'yaner'
