2024-02-25 10:42:12.600 [DEBUG][main][38]: 

------------------------------------------------------------------------------------------------------
2024-02-25 10:42:12.608 [DEBUG][CommonUtils::getDefaultSkinColor][84]: 读取tradeprintinfo.ini文件存储背景颜色为：rgb(79,169,172);
2024-02-25 10:42:12.736 [DEBUG][TitleBar::loadStyleSheet][219]: TitleBar::loadStyleSheet 加载样式文件 :/Resources/QSS/Title.css 成功
2024-02-25 10:42:12.745 [DEBUG][BasicWindow::loadStyleSheet][79]: BasicWindow::loadStyleSheet 加载样式文件 :/Resources/QSS/UserLogin.css 成功
2024-02-25 10:42:12.745 [DEBUG][UserLogin::initControl][24]: 登录窗口初始化
2024-02-25 10:42:14.437 [DEBUG][UserLogin::onLoginBtnClicked][38]: 登录按钮被按下！
2024-02-25 10:42:14.442 [DEBUG][CommonUtils::getDefaultSkinColor][84]: 读取tradeprintinfo.ini文件存储背景颜色为：rgb(79,169,172);
2024-02-25 10:42:14.461 [DEBUG][CCMainWindow::CCMainWindow][29]: 主窗体初始化
2024-02-25 10:42:14.477 [DEBUG][BasicWindow::loadStyleSheet][79]: BasicWindow::loadStyleSheet 加载样式文件 :/Resources/QSS/CCMainWindow.css 成功
2024-02-25 10:42:14.488 [DEBUG][CCMainWindow::setLevePixmap][143]: 设置等级为：17
2024-02-25 10:42:14.490 [DEBUG][CCMainWindow::setHeadPixmap][165]: 设置头像路径：:/Resources/MainWindow/girl.png
2024-02-25 10:42:14.511 [DEBUG][CCMainWindow::setStatusMenuIcon][175]: 设置状态路径：:/Resources/MainWindow/StatusSucceeded.png
2024-02-25 10:42:14.512 [DEBUG][CCMainWindow::addOtherAppExtension][188]: 生成按钮返回 (:Resources/MainWindow/app/app_7.png, app_7)
2024-02-25 10:42:14.512 [DEBUG][CCMainWindow::addOtherAppExtension][188]: 生成按钮返回 (:Resources/MainWindow/app/app_2.png, app_2)
2024-02-25 10:42:14.513 [DEBUG][CCMainWindow::addOtherAppExtension][188]: 生成按钮返回 (:Resources/MainWindow/app/app_3.png, app_3)
2024-02-25 10:42:14.513 [DEBUG][CCMainWindow::addOtherAppExtension][188]: 生成按钮返回 (:Resources/MainWindow/app/app_4.png, app_4)
2024-02-25 10:42:14.514 [DEBUG][CCMainWindow::addOtherAppExtension][188]: 生成按钮返回 (:Resources/MainWindow/app/app_5.png, app_5)
2024-02-25 10:42:14.515 [DEBUG][CCMainWindow::addOtherAppExtension][188]: 生成按钮返回 (:Resources/MainWindow/app/app_6.png, app_6)
2024-02-25 10:42:14.515 [DEBUG][CCMainWindow::addOtherAppExtension][188]: 生成按钮返回 (:Resources/MainWindow/app/skin.png, app_skin)
2024-02-25 10:42:14.516 [DEBUG][CCMainWindow::addOtherAppExtension][188]: 生成按钮返回 (:Resources/MainWindow/app/app_10.png, app_10)
2024-02-25 10:42:14.516 [DEBUG][CCMainWindow::addOtherAppExtension][188]: 生成按钮返回 (:Resources/MainWindow/app/app_8.png, app_8)
2024-02-25 10:42:14.517 [DEBUG][CCMainWindow::addOtherAppExtension][188]: 生成按钮返回 (:Resources/MainWindow/app/app_11.png, app_11)
2024-02-25 10:42:14.517 [DEBUG][CCMainWindow::addOtherAppExtension][188]: 生成按钮返回 (:Resources/MainWindow/app/app_9.png, app_9)
2024-02-25 10:42:14.518 [DEBUG][CCMainWindow::initContactTree][211]: 树初始化
2024-02-25 10:42:14.519 [DEBUG][CCMainWindow::addCompanyDeps][115]: 添加子节点：公司群
2024-02-25 10:42:14.540 [DEBUG][Contactltem::setUserName][15]: 设置用户名：公司群
2024-02-25 10:42:14.542 [DEBUG][CCMainWindow::addCompanyDeps][115]: 添加子节点：人事部
2024-02-25 10:42:14.545 [DEBUG][Contactltem::setUserName][15]: 设置用户名：人事部
2024-02-25 10:42:14.547 [DEBUG][CCMainWindow::addCompanyDeps][115]: 添加子节点：研发部
2024-02-25 10:42:14.549 [DEBUG][Contactltem::setUserName][15]: 设置用户名：研发部
2024-02-25 10:42:14.551 [DEBUG][CCMainWindow::addCompanyDeps][115]: 添加子节点：市场部
2024-02-25 10:42:14.554 [DEBUG][Contactltem::setUserName][15]: 设置用户名：市场部
2024-02-25 10:42:15.021 [DEBUG][SysTray::initSystemTray][24]: 初始化系统托盘图标：:Resources/MainWindow/app/logo.ico
2024-02-25 10:42:15.059 [DEBUG][CCMainWindow::setUserName][132]: 设置用户名为：Qt即时通讯软件
2024-02-25 10:42:16.066 [DEBUG][CCMainWindow::onItemClicked][271]: 树项被单击
2024-02-25 10:42:16.066 [DEBUG][CCMainWindow::onItemExpanded][278]: 树项被展开
2024-02-25 10:42:16.066 [DEBUG][RootContatItem::setExpanded][38]: 设置属性动画的结束值：90
2024-02-25 10:42:16.958 [DEBUG][CCMainWindow::onItemClicked][271]: 树项被单击
2024-02-25 10:42:17.027 [DEBUG][CCMainWindow::onItemDoubleClicked][304]: 树项被双击
2024-02-25 10:42:17.123 [DEBUG][CCMainWindow::onItemClicked][271]: 树项被单击
2024-02-25 10:42:17.826 [DEBUG][CCMainWindow::onItemClicked][271]: 树项被单击
2024-02-25 10:42:17.887 [DEBUG][CCMainWindow::onItemDoubleClicked][304]: 树项被双击
2024-02-25 10:42:17.990 [DEBUG][CCMainWindow::onItemClicked][271]: 树项被单击
